Platform:Linux-5.11.0-36-generic-x86_64-with-glibc2.29

Sun Sep 26 16:51:59 +0530 2021

/lib/firmware/usbduxfast_firmware.bin
/lib/firmware/lbtf_usb.bin
/lib/firmware/ql2100_fw.bin
/lib/firmware/mt7601u.bin
/lib/firmware/qat_mmp.bin
/lib/firmware/rt3070.bin
/lib/firmware/1a98-INTEL-EDK2-2-tplg.bin
/lib/firmware/rt2561.bin
/lib/firmware/qat_c62x_mmp.bin
/lib/firmware/rt2860.bin
/lib/firmware/rt2661.bin
/lib/firmware/rt3290.bin
/lib/firmware/rt2870.bin
/lib/firmware/cbfw-3.2.3.0.bin
/lib/firmware/ctfw-3.2.5.1.bin
/lib/firmware/ctefx.bin
/lib/firmware/ql2322_fw.bin
/lib/firmware/qat_c3xxx.bin
/lib/firmware/mt7662_rom_patch.bin
/lib/firmware/mt7662.bin
/lib/firmware/ct2fw-3.2.3.0.bin
/lib/firmware/ctfw-3.2.1.1.bin
/lib/firmware/f2255usb.bin
/lib/firmware/atmel_at76c504_2958.bin
/lib/firmware/agere_sta_fw.bin
/lib/firmware/sdd_sagrad_1091_1098.bin
/lib/firmware/cbfw-3.2.5.1.bin
/lib/firmware/ar5523.bin
/lib/firmware/agere_ap_fw.bin
/lib/firmware/atmel_at76c504a_2958.bin
/lib/firmware/vpu_p.bin
/lib/firmware/rt3090.bin
/lib/firmware/ql2500_fw.bin
/lib/firmware/qat_895xcc_mmp.bin
/lib/firmware/qat_c62x.bin
/lib/firmware/qat_895xcc.bin
/lib/firmware/ctfw-3.2.3.0.bin
/lib/firmware/ct2fw-3.2.5.1.bin
/lib/firmware/ql2400_fw.bin
/lib/firmware/usbduxsigma_firmware.bin
/lib/firmware/phanfw.bin
/lib/firmware/rt73.bin
/lib/firmware/tlg2300_firmware.bin
/lib/firmware/vpu_d.bin
/lib/firmware/ct2fw-3.2.1.1.bin
/lib/firmware/usbdux_firmware.bin
/lib/firmware/qat_c3xxx_mmp.bin
/lib/firmware/ql2200_fw.bin
/lib/firmware/wsm_22.bin
/lib/firmware/cbfw-3.2.1.1.bin
/lib/firmware/rt2561s.bin
/lib/firmware/ql2300_fw.bin
/lib/firmware/mt7650.bin
/lib/firmware/ctspeq.bin
/lib/firmware/asihpi/dsp8700.bin
/lib/firmware/asihpi/dsp6600.bin
/lib/firmware/asihpi/dsp2400.bin
/lib/firmware/asihpi/dsp6400.bin
/lib/firmware/asihpi/dsp8900.bin
/lib/firmware/asihpi/dsp5000.bin
/lib/firmware/asihpi/dsp6205.bin
/lib/firmware/asihpi/dsp6200.bin
/lib/firmware/mediatek/WIFI_MT7961_patch_mcu_1_2_hdr.bin
/lib/firmware/mediatek/mt7610e.bin
/lib/firmware/mediatek/mt7915_rom_patch.bin
/lib/firmware/mediatek/mt7915_wa.bin
/lib/firmware/mediatek/BT_RAM_CODE_MT7961_1_2_hdr.bin
/lib/firmware/mediatek/mt7663pr2h.bin
/lib/firmware/mediatek/mt7615_n9.bin
/lib/firmware/mediatek/WIFI_RAM_CODE_MT7961_1.bin
/lib/firmware/mediatek/mt7615_rom_patch.bin
/lib/firmware/mediatek/mt7663pr2h_rebb.bin
/lib/firmware/mediatek/mt7663_n9_rebb.bin
/lib/firmware/mediatek/mt7668pr2h.bin
/lib/firmware/mediatek/mt7615_cr4.bin
/lib/firmware/mediatek/mt7622_rom_patch.bin
/lib/firmware/mediatek/mt7610u.bin
/lib/firmware/mediatek/mt7662u_rom_patch.bin
/lib/firmware/mediatek/mt7662u.bin
/lib/firmware/mediatek/mt7650e.bin
/lib/firmware/mediatek/mt7663_n9_v3.bin
/lib/firmware/mediatek/mt7622pr2h.bin
/lib/firmware/mediatek/mt7915_wm.bin
/lib/firmware/mediatek/mt7622_n9.bin
/lib/firmware/mediatek/mt8173/vpu_p.bin
/lib/firmware/mediatek/mt8173/vpu_d.bin
/lib/firmware/rockchip/dptx.bin
/lib/firmware/yamaha/yss225_registers.bin
/lib/firmware/ttusb-budget/dspbootcode.bin
/lib/firmware/kaweth/new_code.bin
/lib/firmware/kaweth/new_code_fix.bin
/lib/firmware/kaweth/trigger_code.bin
/lib/firmware/kaweth/trigger_code_fix.bin
/lib/firmware/tehuti/bdx.bin
/lib/firmware/amdgpu/polaris12_vce.bin
/lib/firmware/amdgpu/bonaire_mc.bin
/lib/firmware/amdgpu/mullins_sdma1.bin
/lib/firmware/amdgpu/tonga_k_smc.bin
/lib/firmware/amdgpu/dimgrey_cavefish_sdma.bin
/lib/firmware/amdgpu/carrizo_ce.bin
/lib/firmware/amdgpu/pitcairn_me.bin
/lib/firmware/amdgpu/renoir_asd.bin
/lib/firmware/amdgpu/stoney_me.bin
/lib/firmware/amdgpu/kaveri_pfp.bin
/lib/firmware/amdgpu/raven_kicker_rlc.bin
/lib/firmware/amdgpu/navi10_ce.bin
/lib/firmware/amdgpu/oland_pfp.bin
/lib/firmware/amdgpu/raven2_sdma.bin
/lib/firmware/amdgpu/bonaire_k_smc.bin
/lib/firmware/amdgpu/polaris10_mec_2.bin
/lib/firmware/amdgpu/sienna_cichlid_me.bin
/lib/firmware/amdgpu/fiji_sdma.bin
/lib/firmware/amdgpu/tonga_mc.bin
/lib/firmware/amdgpu/tonga_mec.bin
/lib/firmware/amdgpu/polaris11_k2_smc.bin
/lib/firmware/amdgpu/polaris10_ce.bin
/lib/firmware/amdgpu/raven2_mec.bin
/lib/firmware/amdgpu/polaris12_sdma1.bin
/lib/firmware/amdgpu/vega20_sos.bin
/lib/firmware/amdgpu/renoir_sdma.bin
/lib/firmware/amdgpu/vega10_rlc.bin
/lib/firmware/amdgpu/vega10_sdma1.bin
/lib/firmware/amdgpu/renoir_ce.bin
/lib/firmware/amdgpu/pitcairn_pfp.bin
/lib/firmware/amdgpu/renoir_mec2.bin
/lib/firmware/amdgpu/polaris12_pfp_2.bin
/lib/firmware/amdgpu/carrizo_mec2.bin
/lib/firmware/amdgpu/polaris11_rlc.bin
/lib/firmware/amdgpu/si58_mc.bin
/lib/firmware/amdgpu/navi14_me_wks.bin
/lib/firmware/amdgpu/vegam_mec.bin
/lib/firmware/amdgpu/navi10_ta.bin
/lib/firmware/amdgpu/renoir_mec.bin
/lib/firmware/amdgpu/pitcairn_rlc.bin
/lib/firmware/amdgpu/green_sardine_dmcub.bin
/lib/firmware/amdgpu/vega12_asd.bin
/lib/firmware/amdgpu/vega10_pfp.bin
/lib/firmware/amdgpu/polaris11_k_smc.bin
/lib/firmware/amdgpu/bonaire_ce.bin
/lib/firmware/amdgpu/fiji_me.bin
/lib/firmware/amdgpu/polaris10_k_smc.bin
/lib/firmware/amdgpu/sienna_cichlid_ta.bin
/lib/firmware/amdgpu/stoney_ce.bin
/lib/firmware/amdgpu/topaz_pfp.bin
/lib/firmware/amdgpu/verde_me.bin
/lib/firmware/amdgpu/fiji_smc.bin
/lib/firmware/amdgpu/vega10_acg_smc.bin
/lib/firmware/amdgpu/raven_mec2.bin
/lib/firmware/amdgpu/picasso_vcn.bin
/lib/firmware/amdgpu/dimgrey_cavefish_ce.bin
/lib/firmware/amdgpu/polaris10_mec.bin
/lib/firmware/amdgpu/dimgrey_cavefish_vcn.bin
/lib/firmware/amdgpu/raven_me.bin
/lib/firmware/amdgpu/topaz_mec.bin
/lib/firmware/amdgpu/tahiti_smc.bin
/lib/firmware/amdgpu/vega10_vce.bin
/lib/firmware/amdgpu/polaris11_mec_2.bin
/lib/firmware/amdgpu/raven2_asd.bin
/lib/firmware/amdgpu/tonga_sdma.bin
/lib/firmware/amdgpu/vega20_rlc.bin
/lib/firmware/amdgpu/navi14_mec2_wks.bin
/lib/firmware/amdgpu/verde_rlc.bin
/lib/firmware/amdgpu/navi10_me.bin
/lib/firmware/amdgpu/navi10_rlc.bin
/lib/firmware/amdgpu/bonaire_sdma1.bin
/lib/firmware/amdgpu/carrizo_sdma1.bin
/lib/firmware/amdgpu/vega10_sos.bin
/lib/firmware/amdgpu/renoir_gpu_info.bin
/lib/firmware/amdgpu/carrizo_rlc.bin
/lib/firmware/amdgpu/mullins_pfp.bin
/lib/firmware/amdgpu/oland_ce.bin
/lib/firmware/amdgpu/polaris11_sdma1.bin
/lib/firmware/amdgpu/navi10_asd.bin
/lib/firmware/amdgpu/hainan_me.bin
/lib/firmware/amdgpu/picasso_me.bin
/lib/firmware/amdgpu/polaris12_mc.bin
/lib/firmware/amdgpu/sienna_cichlid_smc.bin
/lib/firmware/amdgpu/tahiti_pfp.bin
/lib/firmware/amdgpu/green_sardine_ta.bin
/lib/firmware/amdgpu/kaveri_ce.bin
/lib/firmware/amdgpu/navi14_mec_wks.bin
/lib/firmware/amdgpu/hainan_ce.bin
/lib/firmware/amdgpu/banks_k_2_smc.bin
/lib/firmware/amdgpu/stoney_vce.bin
/lib/firmware/amdgpu/polaris12_mec2_2.bin
/lib/firmware/amdgpu/oland_rlc.bin
/lib/firmware/amdgpu/green_sardine_sdma.bin
/lib/firmware/amdgpu/mullins_vce.bin
/lib/firmware/amdgpu/dimgrey_cavefish_ta.bin
/lib/firmware/amdgpu/mullins_uvd.bin
/lib/firmware/amdgpu/raven_mec.bin
/lib/firmware/amdgpu/raven2_vcn.bin
/lib/firmware/amdgpu/hawaii_smc.bin
/lib/firmware/amdgpu/vegam_sdma.bin
/lib/firmware/amdgpu/polaris10_mc.bin
/lib/firmware/amdgpu/polaris11_me_2.bin
/lib/firmware/amdgpu/polaris11_mec2_2.bin
/lib/firmware/amdgpu/dimgrey_cavefish_sos.bin
/lib/firmware/amdgpu/bonaire_mec.bin
/lib/firmware/amdgpu/polaris12_rlc.bin
/lib/firmware/amdgpu/hainan_mc.bin
/lib/firmware/amdgpu/topaz_mec2.bin
/lib/firmware/amdgpu/carrizo_uvd.bin
/lib/firmware/amdgpu/dimgrey_cavefish_mec2.bin
/lib/firmware/amdgpu/oland_k_smc.bin
/lib/firmware/amdgpu/sienna_cichlid_mec2.bin
/lib/firmware/amdgpu/hawaii_me.bin
/lib/firmware/amdgpu/topaz_smc.bin
/lib/firmware/amdgpu/dimgrey_cavefish_smc.bin
/lib/firmware/amdgpu/raven_ta.bin
/lib/firmware/amdgpu/tonga_ce.bin
/lib/firmware/amdgpu/polaris11_mc.bin
/lib/firmware/amdgpu/polaris12_uvd.bin
/lib/firmware/amdgpu/raven_vcn.bin
/lib/firmware/amdgpu/polaris10_me_2.bin
/lib/firmware/amdgpu/vega10_sdma.bin
/lib/firmware/amdgpu/mullins_me.bin
/lib/firmware/amdgpu/vega12_sdma.bin
/lib/firmware/amdgpu/fiji_vce.bin
/lib/firmware/amdgpu/polaris12_ce_2.bin
/lib/firmware/amdgpu/kaveri_sdma1.bin
/lib/firmware/amdgpu/kaveri_me.bin
/lib/firmware/amdgpu/oland_mc.bin
/lib/firmware/amdgpu/vega10_mec2.bin
/lib/firmware/amdgpu/vega10_uvd.bin
/lib/firmware/amdgpu/pitcairn_ce.bin
/lib/firmware/amdgpu/raven_gpu_info.bin
/lib/firmware/amdgpu/polaris11_vce.bin
/lib/firmware/amdgpu/polaris11_smc.bin
/lib/firmware/amdgpu/navi14_sdma1.bin
/lib/firmware/amdgpu/raven_dmcu.bin
/lib/firmware/amdgpu/oland_smc.bin
/lib/firmware/amdgpu/polaris11_k_mc.bin
/lib/firmware/amdgpu/polaris10_k2_smc.bin
/lib/firmware/amdgpu/raven2_ta.bin
/lib/firmware/amdgpu/kaveri_mec.bin
/lib/firmware/amdgpu/polaris11_mec.bin
/lib/firmware/amdgpu/vega20_pfp.bin
/lib/firmware/amdgpu/vega12_smc.bin
/lib/firmware/amdgpu/fiji_pfp.bin
/lib/firmware/amdgpu/topaz_sdma.bin
/lib/firmware/amdgpu/raven_sdma.bin
/lib/firmware/amdgpu/kaveri_mec2.bin
/lib/firmware/amdgpu/vega20_sdma.bin
/lib/firmware/amdgpu/raven2_me.bin
/lib/firmware/amdgpu/stoney_sdma.bin
/lib/firmware/amdgpu/kabini_ce.bin
/lib/firmware/amdgpu/navi14_ce.bin
/lib/firmware/amdgpu/tonga_uvd.bin
/lib/firmware/amdgpu/vega20_mec.bin
/lib/firmware/amdgpu/polaris12_32_mc.bin
/lib/firmware/amdgpu/verde_smc.bin
/lib/firmware/amdgpu/fiji_mec.bin
/lib/firmware/amdgpu/raven_pfp.bin
/lib/firmware/amdgpu/polaris11_sdma.bin
/lib/firmware/amdgpu/vega10_mec.bin
/lib/firmware/amdgpu/vegam_me.bin
/lib/firmware/amdgpu/raven_ce.bin
/lib/firmware/amdgpu/polaris10_mec2.bin
/lib/firmware/amdgpu/polaris12_ce.bin
/lib/firmware/amdgpu/polaris10_rlc.bin
/lib/firmware/amdgpu/navi10_sdma.bin
/lib/firmware/amdgpu/polaris12_k_smc.bin
/lib/firmware/amdgpu/navi14_rlc.bin
/lib/firmware/amdgpu/navi14_mec2.bin
/lib/firmware/amdgpu/vega12_mec2.bin
/lib/firmware/amdgpu/navi14_pfp.bin
/lib/firmware/amdgpu/verde_ce.bin
/lib/firmware/amdgpu/polaris11_ce_2.bin
/lib/firmware/amdgpu/vegam_uvd.bin
/lib/firmware/amdgpu/vegam_smc.bin
/lib/firmware/amdgpu/polaris10_smc.bin
/lib/firmware/amdgpu/bonaire_rlc.bin
/lib/firmware/amdgpu/polaris11_ce.bin
/lib/firmware/amdgpu/tahiti_rlc.bin
/lib/firmware/amdgpu/polaris12_mec2.bin
/lib/firmware/amdgpu/sienna_cichlid_rlc.bin
/lib/firmware/amdgpu/topaz_mc.bin
/lib/firmware/amdgpu/carrizo_me.bin
/lib/firmware/amdgpu/oland_me.bin
/lib/firmware/amdgpu/tonga_me.bin
/lib/firmware/amdgpu/polaris10_pfp.bin
/lib/firmware/amdgpu/hawaii_rlc.bin
/lib/firmware/amdgpu/vega20_me.bin
/lib/firmware/amdgpu/kabini_rlc.bin
/lib/firmware/amdgpu/dimgrey_cavefish_mec.bin
/lib/firmware/amdgpu/picasso_ce.bin
/lib/firmware/amdgpu/carrizo_pfp.bin
/lib/firmware/amdgpu/pitcairn_mc.bin
/lib/firmware/amdgpu/hawaii_sdma1.bin
/lib/firmware/amdgpu/polaris12_smc.bin
/lib/firmware/amdgpu/navi10_mec.bin
/lib/firmware/amdgpu/polaris10_k_mc.bin
/lib/firmware/amdgpu/polaris12_pfp.bin
/lib/firmware/amdgpu/green_sardine_rlc.bin
/lib/firmware/amdgpu/verde_mc.bin
/lib/firmware/amdgpu/green_sardine_mec2.bin
/lib/firmware/amdgpu/kabini_uvd.bin
/lib/firmware/amdgpu/raven2_pfp.bin
/lib/firmware/amdgpu/polaris12_mec.bin
/lib/firmware/amdgpu/renoir_dmcub.bin
/lib/firmware/amdgpu/kaveri_uvd.bin
/lib/firmware/amdgpu/dimgrey_cavefish_pfp.bin
/lib/firmware/amdgpu/hainan_smc.bin
/lib/firmware/amdgpu/polaris11_me.bin
/lib/firmware/amdgpu/raven2_mec2.bin
/lib/firmware/amdgpu/vega20_ta.bin
/lib/firmware/amdgpu/kabini_mec.bin
/lib/firmware/amdgpu/renoir_vcn.bin
/lib/firmware/amdgpu/verde_pfp.bin
/lib/firmware/amdgpu/bonaire_me.bin
/lib/firmware/amdgpu/polaris11_mec2.bin
/lib/firmware/amdgpu/mullins_mec.bin
/lib/firmware/amdgpu/vega20_mec2.bin
/lib/firmware/amdgpu/mullins_ce.bin
/lib/firmware/amdgpu/hawaii_mec.bin
/lib/firmware/amdgpu/kabini_pfp.bin
/lib/firmware/amdgpu/vega12_uvd.bin
/lib/firmware/amdgpu/mullins_rlc.bin
/lib/firmware/amdgpu/polaris10_ce_2.bin
/lib/firmware/amdgpu/hawaii_mc.bin
/lib/firmware/amdgpu/tonga_pfp.bin
/lib/firmware/amdgpu/green_sardine_mec.bin
/lib/firmware/amdgpu/polaris12_me.bin
/lib/firmware/amdgpu/vegam_sdma1.bin
/lib/firmware/amdgpu/vega12_ce.bin
/lib/firmware/amdgpu/navi10_mec2.bin
/lib/firmware/amdgpu/vega12_me.bin
/lib/firmware/amdgpu/topaz_ce.bin
/lib/firmware/amdgpu/hainan_rlc.bin
/lib/firmware/amdgpu/fiji_mc.bin
/lib/firmware/amdgpu/fiji_sdma1.bin
/lib/firmware/amdgpu/navi10_sos.bin
/lib/firmware/amdgpu/tonga_sdma1.bin
/lib/firmware/amdgpu/raven2_gpu_info.bin
/lib/firmware/amdgpu/hawaii_uvd.bin
/lib/firmware/amdgpu/picasso_rlc.bin
/lib/firmware/amdgpu/navi14_sos.bin
/lib/firmware/amdgpu/polaris10_smc_sk.bin
/lib/firmware/amdgpu/picasso_gpu_info.bin
/lib/firmware/amdgpu/vegam_vce.bin
/lib/firmware/amdgpu/raven2_ce.bin
/lib/firmware/amdgpu/polaris10_mec2_2.bin
/lib/firmware/amdgpu/navi14_ce_wks.bin
/lib/firmware/amdgpu/fiji_rlc.bin
/lib/firmware/amdgpu/vega12_sdma1.bin
/lib/firmware/amdgpu/renoir_pfp.bin
/lib/firmware/amdgpu/dimgrey_cavefish_dmcub.bin
/lib/firmware/amdgpu/vega20_vce.bin
/lib/firmware/amdgpu/picasso_ta.bin
/lib/firmware/amdgpu/green_sardine_me.bin
/lib/firmware/amdgpu/pitcairn_smc.bin
/lib/firmware/amdgpu/navi14_mec.bin
/lib/firmware/amdgpu/hawaii_pfp.bin
/lib/firmware/amdgpu/raven_asd.bin
/lib/firmware/amdgpu/picasso_asd.bin
/lib/firmware/amdgpu/bonaire_sdma.bin
/lib/firmware/amdgpu/tonga_vce.bin
/lib/firmware/amdgpu/kabini_vce.bin
/lib/firmware/amdgpu/kaveri_sdma.bin
/lib/firmware/amdgpu/raven2_rlc.bin
/lib/firmware/amdgpu/polaris11_uvd.bin
/lib/firmware/amdgpu/vega20_smc.bin
/lib/firmware/amdgpu/carrizo_vce.bin
/lib/firmware/amdgpu/vega20_sdma1.bin
/lib/firmware/amdgpu/navi10_gpu_info.bin
/lib/firmware/amdgpu/dimgrey_cavefish_rlc.bin
/lib/firmware/amdgpu/polaris11_smc_sk.bin
/lib/firmware/amdgpu/sienna_cichlid_sdma.bin
/lib/firmware/amdgpu/tahiti_ce.bin
/lib/firmware/amdgpu/kabini_me.bin
/lib/firmware/amdgpu/hawaii_sdma.bin
/lib/firmware/amdgpu/fiji_mec2.bin
/lib/firmware/amdgpu/sienna_cichlid_vcn.bin
/lib/firmware/amdgpu/polaris11_pfp.bin
/lib/firmware/amdgpu/navi14_ta.bin
/lib/firmware/amdgpu/navi14_smc.bin
/lib/firmware/amdgpu/polaris12_sdma.bin
/lib/firmware/amdgpu/vega20_uvd.bin
/lib/firmware/amdgpu/hainan_pfp.bin
/lib/firmware/amdgpu/vega10_asd.bin
/lib/firmware/amdgpu/vega12_rlc.bin
/lib/firmware/amdgpu/polaris12_k_mc.bin
/lib/firmware/amdgpu/vega10_ce.bin
/lib/firmware/amdgpu/hawaii_ce.bin
/lib/firmware/amdgpu/picasso_mec.bin
/lib/firmware/amdgpu/vega20_asd.bin
/lib/firmware/amdgpu/green_sardine_ce.bin
/lib/firmware/amdgpu/polaris10_pfp_2.bin
/lib/firmware/amdgpu/kabini_sdma1.bin
/lib/firmware/amdgpu/hawaii_k_smc.bin
/lib/firmware/amdgpu/tonga_mec2.bin
/lib/firmware/amdgpu/green_sardine_vcn.bin
/lib/firmware/amdgpu/green_sardine_asd.bin
/lib/firmware/amdgpu/carrizo_sdma.bin
/lib/firmware/amdgpu/vega12_pfp.bin
/lib/firmware/amdgpu/tonga_rlc.bin
/lib/firmware/amdgpu/sienna_cichlid_pfp.bin
/lib/firmware/amdgpu/kaveri_vce.bin
/lib/firmware/amdgpu/topaz_rlc.bin
/lib/firmware/amdgpu/raven_rlc.bin
/lib/firmware/amdgpu/vegam_mec2.bin
/lib/firmware/amdgpu/vega10_smc.bin
/lib/firmware/amdgpu/bonaire_smc.bin
/lib/firmware/amdgpu/kabini_sdma.bin
/lib/firmware/amdgpu/picasso_mec2.bin
/lib/firmware/amdgpu/polaris10_sdma.bin
/lib/firmware/amdgpu/renoir_me.bin
/lib/firmware/amdgpu/vegam_pfp.bin
/lib/firmware/amdgpu/polaris10_me.bin
/lib/firmware/amdgpu/renoir_rlc.bin
/lib/firmware/amdgpu/polaris12_mec_2.bin
/lib/firmware/amdgpu/tahiti_me.bin
/lib/firmware/amdgpu/pitcairn_k_smc.bin
/lib/firmware/amdgpu/tonga_smc.bin
/lib/firmware/amdgpu/topaz_me.bin
/lib/firmware/amdgpu/stoney_rlc.bin
/lib/firmware/amdgpu/navi10_sdma1.bin
/lib/firmware/amdgpu/navi14_asd.bin
/lib/firmware/amdgpu/tahiti_k_smc.bin
/lib/firmware/amdgpu/navi10_pfp.bin
/lib/firmware/amdgpu/dimgrey_cavefish_me.bin
/lib/firmware/amdgpu/fiji_uvd.bin
/lib/firmware/amdgpu/vegam_ce.bin
/lib/firmware/amdgpu/topaz_sdma1.bin
/lib/firmware/amdgpu/kaveri_rlc.bin
/lib/firmware/amdgpu/sienna_cichlid_sos.bin
/lib/firmware/amdgpu/polaris10_uvd.bin
/lib/firmware/amdgpu/polaris10_sdma1.bin
/lib/firmware/amdgpu/fiji_ce.bin
/lib/firmware/amdgpu/vega12_vce.bin
/lib/firmware/amdgpu/navi14_vcn.bin
/lib/firmware/amdgpu/navi14_me.bin
/lib/firmware/amdgpu/navi14_sdma.bin
/lib/firmware/amdgpu/bonaire_uvd.bin
/lib/firmware/amdgpu/sienna_cichlid_ce.bin
/lib/firmware/amdgpu/hawaii_vce.bin
/lib/firmware/amdgpu/bonaire_vce.bin
/lib/firmware/amdgpu/vega20_ce.bin
/lib/firmware/amdgpu/vega12_sos.bin
/lib/firmware/amdgpu/verde_k_smc.bin
/lib/firmware/amdgpu/navi14_pfp_wks.bin
/lib/firmware/amdgpu/topaz_k_smc.bin
/lib/firmware/amdgpu/picasso_pfp.bin
/lib/firmware/amdgpu/mullins_sdma.bin
/lib/firmware/amdgpu/polaris11_pfp_2.bin
/lib/firmware/amdgpu/hainan_k_smc.bin
/lib/firmware/amdgpu/vega12_mec.bin
/lib/firmware/amdgpu/green_sardine_pfp.bin
/lib/firmware/amdgpu/carrizo_mec.bin
/lib/firmware/amdgpu/sienna_cichlid_dmcub.bin
/lib/firmware/amdgpu/stoney_uvd.bin
/lib/firmware/amdgpu/vega12_gpu_info.bin
/lib/firmware/amdgpu/navi14_gpu_info.bin
/lib/firmware/amdgpu/stoney_mec.bin
/lib/firmware/amdgpu/navi10_vcn.bin
/lib/firmware/amdgpu/vegam_rlc.bin
/lib/firmware/amdgpu/navi10_smc.bin
/lib/firmware/amdgpu/vega10_gpu_info.bin
/lib/firmware/amdgpu/vega10_me.bin
/lib/firmware/amdgpu/stoney_pfp.bin
/lib/firmware/amdgpu/picasso_sdma.bin
/lib/firmware/amdgpu/polaris10_vce.bin
/lib/firmware/amdgpu/tahiti_mc.bin
/lib/firmware/amdgpu/picasso_rlc_am4.bin
/lib/firmware/amdgpu/polaris12_me_2.bin
/lib/firmware/amdgpu/sienna_cichlid_mec.bin
/lib/firmware/amdgpu/bonaire_pfp.bin
/lib/firmware/inside-secure/eip197_minifw/ifpp.bin
/lib/firmware/inside-secure/eip197_minifw/ipue.bin
/lib/firmware/rtlwifi/rtl8192cufw_TMSC.bin
/lib/firmware/rtlwifi/rtl8723bs_ap_wowlan.bin
/lib/firmware/rtlwifi/rtl8723bs_wowlan.bin
/lib/firmware/rtlwifi/rtl8723befw.bin
/lib/firmware/rtlwifi/rtl8723defw.bin
/lib/firmware/rtlwifi/rtl8192cfwU.bin
/lib/firmware/rtlwifi/rtl8723fw_B.bin
/lib/firmware/rtlwifi/rtl8192eu_wowlan.bin
/lib/firmware/rtlwifi/rtl8192cufw_B.bin
/lib/firmware/rtlwifi/rtl8723bs_bt.bin
/lib/firmware/rtlwifi/rtl8821aefw_29.bin
/lib/firmware/rtlwifi/rtl8723bs_nic.bin
/lib/firmware/rtlwifi/rtl8821aefw_wowlan.bin
/lib/firmware/rtlwifi/rtl8723bu_ap_wowlan.bin
/lib/firmware/rtlwifi/rtl8723befw_36.bin
/lib/firmware/rtlwifi/rtl8822befw.bin
/lib/firmware/rtlwifi/rtl8188efw.bin
/lib/firmware/rtlwifi/rtl8192eefw.bin
/lib/firmware/rtlwifi/rtl8712u.bin
/lib/firmware/rtlwifi/rtl8192eu_nic.bin
/lib/firmware/rtlwifi/rtl8192cfw.bin
/lib/firmware/rtlwifi/rtl8723aufw_B.bin
/lib/firmware/rtlwifi/rtl8192sefw.bin
/lib/firmware/rtlwifi/rtl8723aufw_A.bin
/lib/firmware/rtlwifi/rtl8812aefw.bin
/lib/firmware/rtlwifi/rtl8192eu_ap_wowlan.bin
/lib/firmware/rtlwifi/rtl8723aufw_B_NoBT.bin
/lib/firmware/rtlwifi/rtl8192defw.bin
/lib/firmware/rtlwifi/rtl8723bu_wowlan.bin
/lib/firmware/rtlwifi/rtl8723bu_nic.bin
/lib/firmware/rtlwifi/rtl8812aefw_wowlan.bin
/lib/firmware/rtlwifi/rtl8192cufw.bin
/lib/firmware/rtlwifi/rtl8192cfwU_B.bin
/lib/firmware/rtlwifi/rtl8188eufw.bin
/lib/firmware/rtlwifi/rtl8192cufw_A.bin
/lib/firmware/rtlwifi/rtl8821aefw.bin
/lib/firmware/rtlwifi/rtl8723fw.bin
/lib/firmware/isci/isci_firmware.bin
/lib/firmware/qed/qed_init_values_zipped-8.33.1.0.bin
/lib/firmware/qed/qed_init_values-8.33.12.0.bin
/lib/firmware/qed/qed_init_values_zipped-8.10.5.0.bin
/lib/firmware/qed/qed_init_values_zipped-8.37.2.0.bin
/lib/firmware/qed/qed_init_values-8.40.33.0.bin
/lib/firmware/qed/qed_init_values_zipped-8.33.11.0.bin
/lib/firmware/qed/qed_init_values_zipped-8.4.2.0.bin
/lib/firmware/qed/qed_init_values-8.20.0.0.bin
/lib/firmware/qed/qed_init_values-8.37.7.0.bin
/lib/firmware/qed/qed_init_values_zipped-8.15.3.0.bin
/lib/firmware/qed/qed_init_values-8.18.9.0.bin
/lib/firmware/qed/qed_init_values_zipped-8.37.7.0.bin
/lib/firmware/qed/qed_init_values-8.30.12.0.bin
/lib/firmware/qed/qed_init_values-8.10.9.0.bin
/lib/firmware/qed/qed_init_values_zipped-8.7.3.0.bin
/lib/firmware/qed/qed_init_values_zipped-8.20.0.0.bin
/lib/firmware/qed/qed_init_values_zipped-8.42.2.0.bin
/lib/firmware/qed/qed_init_values-8.14.6.0.bin
/lib/firmware/qed/qed_init_values_zipped-8.10.10.0.bin
/lib/firmware/ti-connectivity/wl127x-fw-5-plt.bin
/lib/firmware/ti-connectivity/wl128x-fw-4-sr.bin
/lib/firmware/ti-connectivity/wl18xx-fw-3.bin
/lib/firmware/ti-connectivity/wl1271-nvs.bin
/lib/firmware/ti-connectivity/wl128x-fw-5-plt.bin
/lib/firmware/ti-connectivity/wl18xx-fw-4.bin
/lib/firmware/ti-connectivity/wl127x-nvs.bin
/lib/firmware/ti-connectivity/wl12xx-nvs.bin
/lib/firmware/ti-connectivity/wl127x-fw-5-sr.bin
/lib/firmware/ti-connectivity/wl18xx-fw-2.bin
/lib/firmware/ti-connectivity/wl127x-fw-4-plt.bin
/lib/firmware/ti-connectivity/wl128x-fw-5-sr.bin
/lib/firmware/ti-connectivity/wl127x-fw-5-mr.bin
/lib/firmware/ti-connectivity/wl127x-fw-4-sr.bin
/lib/firmware/ti-connectivity/wl128x-fw-5-mr.bin
/lib/firmware/ti-connectivity/wl1251-nvs.bin
/lib/firmware/ti-connectivity/wl128x-fw-4-plt.bin
/lib/firmware/ti-connectivity/wl1251-fw.bin
/lib/firmware/ti-connectivity/wl127x-fw-4-mr.bin
/lib/firmware/ti-connectivity/wl128x-nvs.bin
/lib/firmware/ti-connectivity/wl128x-fw-4-mr.bin
/lib/firmware/radeon/R600_me.bin
/lib/firmware/radeon/bonaire_mc.bin
/lib/firmware/radeon/mullins_sdma1.bin
/lib/firmware/radeon/pitcairn_me.bin
/lib/firmware/radeon/kaveri_pfp.bin
/lib/firmware/radeon/KAVERI_sdma.bin
/lib/firmware/radeon/oland_pfp.bin
/lib/firmware/radeon/bonaire_k_smc.bin
/lib/firmware/radeon/KAVERI_rlc.bin
/lib/firmware/radeon/TAHITI_ce.bin
/lib/firmware/radeon/CEDAR_pfp.bin
/lib/firmware/radeon/BARTS_smc.bin
/lib/firmware/radeon/BARTS_me.bin
/lib/firmware/radeon/HAINAN_pfp.bin
/lib/firmware/radeon/ARUBA_pfp.bin
/lib/firmware/radeon/RV620_me.bin
/lib/firmware/radeon/RS600_cp.bin
/lib/firmware/radeon/RV670_pfp.bin
/lib/firmware/radeon/VERDE_rlc.bin
/lib/firmware/radeon/pitcairn_pfp.bin
/lib/firmware/radeon/BONAIRE_smc.bin
/lib/firmware/radeon/TAHITI_uvd.bin
/lib/firmware/radeon/JUNIPER_pfp.bin
/lib/firmware/radeon/si58_mc.bin
/lib/firmware/radeon/REDWOOD_me.bin
/lib/firmware/radeon/HAWAII_ce.bin
/lib/firmware/radeon/pitcairn_rlc.bin
/lib/firmware/radeon/BARTS_pfp.bin
/lib/firmware/radeon/bonaire_ce.bin
/lib/firmware/radeon/CAICOS_pfp.bin
/lib/firmware/radeon/OLAND_ce.bin
/lib/firmware/radeon/verde_me.bin
/lib/firmware/radeon/R420_cp.bin
/lib/firmware/radeon/ARUBA_me.bin
/lib/firmware/radeon/RS780_me.bin
/lib/firmware/radeon/CAYMAN_me.bin
/lib/firmware/radeon/BONAIRE_pfp.bin
/lib/firmware/radeon/tahiti_smc.bin
/lib/firmware/radeon/VERDE_ce.bin
/lib/firmware/radeon/HAWAII_rlc.bin
/lib/firmware/radeon/verde_rlc.bin
/lib/firmware/radeon/bonaire_sdma1.bin
/lib/firmware/radeon/PITCAIRN_mc2.bin
/lib/firmware/radeon/PITCAIRN_smc.bin
/lib/firmware/radeon/SUMO_rlc.bin
/lib/firmware/radeon/R700_rlc.bin
/lib/firmware/radeon/VERDE_smc.bin
/lib/firmware/radeon/mullins_pfp.bin
/lib/firmware/radeon/KABINI_me.bin
/lib/firmware/radeon/VERDE_me.bin
/lib/firmware/radeon/oland_ce.bin
/lib/firmware/radeon/hainan_me.bin
/lib/firmware/radeon/TAHITI_me.bin
/lib/firmware/radeon/tahiti_pfp.bin
/lib/firmware/radeon/REDWOOD_pfp.bin
/lib/firmware/radeon/kaveri_ce.bin
/lib/firmware/radeon/hainan_ce.bin
/lib/firmware/radeon/banks_k_2_smc.bin
/lib/firmware/radeon/oland_rlc.bin
/lib/firmware/radeon/KABINI_ce.bin
/lib/firmware/radeon/mullins_vce.bin
/lib/firmware/radeon/RV630_pfp.bin
/lib/firmware/radeon/RV635_me.bin
/lib/firmware/radeon/mullins_uvd.bin
/lib/firmware/radeon/HAINAN_me.bin
/lib/firmware/radeon/BONAIRE_mec.bin
/lib/firmware/radeon/hawaii_smc.bin
/lib/firmware/radeon/BTC_rlc.bin
/lib/firmware/radeon/RS780_uvd.bin
/lib/firmware/radeon/CYPRESS_uvd.bin
/lib/firmware/radeon/TAHITI_vce.bin
/lib/firmware/radeon/bonaire_mec.bin
/lib/firmware/radeon/CAICOS_mc.bin
/lib/firmware/radeon/hainan_mc.bin
/lib/firmware/radeon/oland_k_smc.bin
/lib/firmware/radeon/hawaii_me.bin
/lib/firmware/radeon/RS780_pfp.bin
/lib/firmware/radeon/R520_cp.bin
/lib/firmware/radeon/HAWAII_mc2.bin
/lib/firmware/radeon/CAICOS_smc.bin
/lib/firmware/radeon/RV710_smc.bin
/lib/firmware/radeon/mullins_me.bin
/lib/firmware/radeon/kaveri_sdma1.bin
/lib/firmware/radeon/kaveri_me.bin
/lib/firmware/radeon/oland_mc.bin
/lib/firmware/radeon/R300_cp.bin
/lib/firmware/radeon/pitcairn_ce.bin
/lib/firmware/radeon/KAVERI_me.bin
/lib/firmware/radeon/KAVERI_mec.bin
/lib/firmware/radeon/KABINI_sdma.bin
/lib/firmware/radeon/oland_smc.bin
/lib/firmware/radeon/RV770_smc.bin
/lib/firmware/radeon/JUNIPER_rlc.bin
/lib/firmware/radeon/kaveri_mec.bin
/lib/firmware/radeon/VERDE_mc.bin
/lib/firmware/radeon/PITCAIRN_ce.bin
/lib/firmware/radeon/TURKS_pfp.bin
/lib/firmware/radeon/kaveri_mec2.bin
/lib/firmware/radeon/HAINAN_smc.bin
/lib/firmware/radeon/CEDAR_rlc.bin
/lib/firmware/radeon/PITCAIRN_rlc.bin
/lib/firmware/radeon/kabini_ce.bin
/lib/firmware/radeon/OLAND_mc2.bin
/lib/firmware/radeon/verde_smc.bin
/lib/firmware/radeon/TURKS_me.bin
/lib/firmware/radeon/verde_ce.bin
/lib/firmware/radeon/CAYMAN_mc.bin
/lib/firmware/radeon/bonaire_rlc.bin
/lib/firmware/radeon/tahiti_rlc.bin
/lib/firmware/radeon/RV710_uvd.bin
/lib/firmware/radeon/RV730_me.bin
/lib/firmware/radeon/RV730_pfp.bin
/lib/firmware/radeon/RV670_me.bin
/lib/firmware/radeon/PALM_me.bin
/lib/firmware/radeon/JUNIPER_me.bin
/lib/firmware/radeon/oland_me.bin
/lib/firmware/radeon/KABINI_mec.bin
/lib/firmware/radeon/hawaii_rlc.bin
/lib/firmware/radeon/RV730_smc.bin
/lib/firmware/radeon/kabini_rlc.bin
/lib/firmware/radeon/BONAIRE_mc2.bin
/lib/firmware/radeon/pitcairn_mc.bin
/lib/firmware/radeon/hawaii_sdma1.bin
/lib/firmware/radeon/R600_uvd.bin
/lib/firmware/radeon/HAINAN_mc.bin
/lib/firmware/radeon/CYPRESS_smc.bin
/lib/firmware/radeon/verde_mc.bin
/lib/firmware/radeon/CAICOS_me.bin
/lib/firmware/radeon/kabini_uvd.bin
/lib/firmware/radeon/kaveri_uvd.bin
/lib/firmware/radeon/CAYMAN_pfp.bin
/lib/firmware/radeon/hainan_smc.bin
/lib/firmware/radeon/kabini_mec.bin
/lib/firmware/radeon/verde_pfp.bin
/lib/firmware/radeon/RV610_me.bin
/lib/firmware/radeon/bonaire_me.bin
/lib/firmware/radeon/SUMO2_pfp.bin
/lib/firmware/radeon/HAWAII_pfp.bin
/lib/firmware/radeon/mullins_mec.bin
/lib/firmware/radeon/TAHITI_smc.bin
/lib/firmware/radeon/mullins_ce.bin
/lib/firmware/radeon/hawaii_mec.bin
/lib/firmware/radeon/kabini_pfp.bin
/lib/firmware/radeon/REDWOOD_smc.bin
/lib/firmware/radeon/mullins_rlc.bin
/lib/firmware/radeon/hawaii_mc.bin
/lib/firmware/radeon/CAYMAN_smc.bin
/lib/firmware/radeon/OLAND_smc.bin
/lib/firmware/radeon/TURKS_mc.bin
/lib/firmware/radeon/hainan_rlc.bin
/lib/firmware/radeon/MULLINS_mec.bin
/lib/firmware/radeon/PALM_pfp.bin
/lib/firmware/radeon/KABINI_rlc.bin
/lib/firmware/radeon/hawaii_uvd.bin
/lib/firmware/radeon/HAWAII_me.bin
/lib/firmware/radeon/pitcairn_smc.bin
/lib/firmware/radeon/hawaii_pfp.bin
/lib/firmware/radeon/HAWAII_mc.bin
/lib/firmware/radeon/MULLINS_sdma.bin
/lib/firmware/radeon/bonaire_sdma.bin
/lib/firmware/radeon/kabini_vce.bin
/lib/firmware/radeon/kaveri_sdma.bin
/lib/firmware/radeon/SUMO_uvd.bin
/lib/firmware/radeon/R200_cp.bin
/lib/firmware/radeon/VERDE_mc2.bin
/lib/firmware/radeon/RV710_me.bin
/lib/firmware/radeon/RV740_smc.bin
/lib/firmware/radeon/tahiti_ce.bin
/lib/firmware/radeon/CEDAR_me.bin
/lib/firmware/radeon/kabini_me.bin
/lib/firmware/radeon/hawaii_sdma.bin
/lib/firmware/radeon/PITCAIRN_mc.bin
/lib/firmware/radeon/CEDAR_smc.bin
/lib/firmware/radeon/OLAND_mc.bin
/lib/firmware/radeon/MULLINS_rlc.bin
/lib/firmware/radeon/hainan_pfp.bin
/lib/firmware/radeon/BONAIRE_vce.bin
/lib/firmware/radeon/RV610_pfp.bin
/lib/firmware/radeon/CYPRESS_me.bin
/lib/firmware/radeon/hawaii_ce.bin
/lib/firmware/radeon/SUMO2_me.bin
/lib/firmware/radeon/MULLINS_me.bin
/lib/firmware/radeon/kabini_sdma1.bin
/lib/firmware/radeon/hawaii_k_smc.bin
/lib/firmware/radeon/BONAIRE_me.bin
/lib/firmware/radeon/R100_cp.bin
/lib/firmware/radeon/RS690_cp.bin
/lib/firmware/radeon/R600_rlc.bin
/lib/firmware/radeon/kaveri_vce.bin
/lib/firmware/radeon/HAINAN_mc2.bin
/lib/firmware/radeon/OLAND_rlc.bin
/lib/firmware/radeon/RV770_me.bin
/lib/firmware/radeon/TAHITI_rlc.bin
/lib/firmware/radeon/RV630_me.bin
/lib/firmware/radeon/bonaire_smc.bin
/lib/firmware/radeon/kabini_sdma.bin
/lib/firmware/radeon/RV635_pfp.bin
/lib/firmware/radeon/tahiti_me.bin
/lib/firmware/radeon/MULLINS_ce.bin
/lib/firmware/radeon/pitcairn_k_smc.bin
/lib/firmware/radeon/RV620_pfp.bin
/lib/firmware/radeon/BONAIRE_rlc.bin
/lib/firmware/radeon/RV770_uvd.bin
/lib/firmware/radeon/tahiti_k_smc.bin
/lib/firmware/radeon/BONAIRE_sdma.bin
/lib/firmware/radeon/kaveri_rlc.bin
/lib/firmware/radeon/TAHITI_pfp.bin
/lib/firmware/radeon/BONAIRE_ce.bin
/lib/firmware/radeon/CYPRESS_pfp.bin
/lib/firmware/radeon/PITCAIRN_pfp.bin
/lib/firmware/radeon/REDWOOD_rlc.bin
/lib/firmware/radeon/OLAND_me.bin
/lib/firmware/radeon/BONAIRE_mc.bin
/lib/firmware/radeon/BONAIRE_uvd.bin
/lib/firmware/radeon/TURKS_smc.bin
/lib/firmware/radeon/JUNIPER_smc.bin
/lib/firmware/radeon/SUMO_pfp.bin
/lib/firmware/radeon/CAYMAN_rlc.bin
/lib/firmware/radeon/SUMO_me.bin
/lib/firmware/radeon/MULLINS_pfp.bin
/lib/firmware/radeon/bonaire_uvd.bin
/lib/firmware/radeon/OLAND_pfp.bin
/lib/firmware/radeon/HAINAN_ce.bin
/lib/firmware/radeon/hawaii_vce.bin
/lib/firmware/radeon/bonaire_vce.bin
/lib/firmware/radeon/KABINI_pfp.bin
/lib/firmware/radeon/KAVERI_pfp.bin
/lib/firmware/radeon/verde_k_smc.bin
/lib/firmware/radeon/ARUBA_rlc.bin
/lib/firmware/radeon/PITCAIRN_me.bin
/lib/firmware/radeon/VERDE_pfp.bin
/lib/firmware/radeon/RV770_pfp.bin
/lib/firmware/radeon/KAVERI_ce.bin
/lib/firmware/radeon/mullins_sdma.bin
/lib/firmware/radeon/hainan_k_smc.bin
/lib/firmware/radeon/HAWAII_sdma.bin
/lib/firmware/radeon/TAHITI_mc.bin
/lib/firmware/radeon/TAHITI_mc2.bin
/lib/firmware/radeon/HAWAII_mec.bin
/lib/firmware/radeon/R600_pfp.bin
/lib/firmware/radeon/RV710_pfp.bin
/lib/firmware/radeon/CYPRESS_rlc.bin
/lib/firmware/radeon/tahiti_mc.bin
/lib/firmware/radeon/HAINAN_rlc.bin
/lib/firmware/radeon/BARTS_mc.bin
/lib/firmware/radeon/HAWAII_smc.bin
/lib/firmware/radeon/bonaire_pfp.bin
/lib/firmware/meson/vdec/gxl_hevc_mmu.bin
/lib/firmware/meson/vdec/gxl_vp9.bin
/lib/firmware/meson/vdec/g12a_vp9.bin
/lib/firmware/meson/vdec/g12a_hevc_mmu.bin
/lib/firmware/meson/vdec/gxl_mpeg12.bin
/lib/firmware/meson/vdec/sm1_hevc_mmu.bin
/lib/firmware/meson/vdec/gxl_mjpeg.bin
/lib/firmware/meson/vdec/gxl_h263.bin
/lib/firmware/meson/vdec/gxl_h264.bin
/lib/firmware/meson/vdec/g12a_h264.bin
/lib/firmware/meson/vdec/gxl_hevc.bin
/lib/firmware/meson/vdec/gxbb_h264.bin
/lib/firmware/meson/vdec/sm1_vp9_mmu.bin
/lib/firmware/meson/vdec/gxm_h264.bin
/lib/firmware/meson/vdec/gxl_mpeg4_5.bin
/lib/firmware/ath11k/QCA6390/hw2.0/m3.bin
/lib/firmware/ath11k/QCA6390/hw2.0/board-2.bin
/lib/firmware/ath11k/QCA6390/hw2.0/amss.bin
/lib/firmware/atusb/rzusb-0.3.bin
/lib/firmware/go7007/go7007tv.bin
/lib/firmware/go7007/go7007fw.bin
/lib/firmware/edgeport/down3.bin
/lib/firmware/rtw88/rtw8723d_fw.bin
/lib/firmware/rtw88/rtw8822c_wow_fw.bin
/lib/firmware/rtw88/rtw8822b_fw.bin
/lib/firmware/rtw88/rtw8821c_fw.bin
/lib/firmware/rtw88/rtw8822c_fw.bin
/lib/firmware/atmel/wilc1000_p2p_fw.bin
/lib/firmware/atmel/wilc1000_ap_fw.bin
/lib/firmware/atmel/wilc1000_fw.bin
/lib/firmware/atmel/wilc1000_wifi_firmware.bin
/lib/firmware/ath6k/AR6004/hw1.3/bdata.bin
/lib/firmware/ath6k/AR6004/hw1.3/fw-3.bin
/lib/firmware/ath6k/AR6004/hw1.2/bdata.bin
/lib/firmware/ath6k/AR6004/hw1.2/fw-2.bin
/lib/firmware/ath6k/AR6003/hw2.1.1/fw-3.bin
/lib/firmware/ath6k/AR6003/hw2.1.1/fw-2.bin
/lib/firmware/ath6k/AR6003/hw2.1.1/athwlan.bin
/lib/firmware/ath6k/AR6003/hw2.1.1/bdata.SD31.bin
/lib/firmware/ath6k/AR6003/hw2.1.1/data.patch.bin
/lib/firmware/ath6k/AR6003/hw2.1.1/otp.bin
/lib/firmware/ath6k/AR6003/hw2.0/bdata.SD31.bin
/lib/firmware/ath6k/AR6003/hw2.0/data.patch.bin
/lib/firmware/e100/d101s_ucode.bin
/lib/firmware/e100/d102e_ucode.bin
/lib/firmware/e100/d101m_ucode.bin
/lib/firmware/cadence/mhdp8546.bin
/lib/firmware/yam/9600.bin
/lib/firmware/yam/1200.bin
/lib/firmware/tigon/tg3_tso5.bin
/lib/firmware/tigon/tg357766.bin
/lib/firmware/tigon/tg3.bin
/lib/firmware/tigon/tg3_tso.bin
/lib/firmware/ath10k/QCA99X0/hw2.0/firmware-5.bin
/lib/firmware/ath10k/QCA99X0/hw2.0/board.bin
/lib/firmware/ath10k/QCA6174/hw2.1/firmware-5.bin
/lib/firmware/ath10k/QCA6174/hw2.1/board-2.bin
/lib/firmware/ath10k/QCA6174/hw2.1/board.bin
/lib/firmware/ath10k/QCA6174/hw3.0/firmware-4.bin
/lib/firmware/ath10k/QCA6174/hw3.0/board-2.bin
/lib/firmware/ath10k/QCA6174/hw3.0/firmware-6.bin
/lib/firmware/ath10k/QCA6174/hw3.0/board.bin
/lib/firmware/ath10k/QCA4019/hw1.0/firmware-5.bin
/lib/firmware/ath10k/QCA4019/hw1.0/board-2.bin
/lib/firmware/ath10k/QCA988X/hw2.0/firmware-5.bin
/lib/firmware/ath10k/QCA988X/hw2.0/firmware-4.bin
/lib/firmware/ath10k/QCA988X/hw2.0/board.bin
/lib/firmware/ath10k/QCA9887/hw1.0/firmware-5.bin
/lib/firmware/ath10k/QCA9887/hw1.0/board.bin
/lib/firmware/ath10k/QCA9984/hw1.0/firmware-5.bin
/lib/firmware/ath10k/QCA9984/hw1.0/board-2.bin
/lib/firmware/ath10k/WCN3990/hw1.0/firmware-5.bin
/lib/firmware/ath10k/QCA9377/hw1.0/firmware-5.bin
/lib/firmware/ath10k/QCA9377/hw1.0/board-2.bin
/lib/firmware/ath10k/QCA9377/hw1.0/firmware-6.bin
/lib/firmware/ath10k/QCA9377/hw1.0/board.bin
/lib/firmware/ath10k/QCA9888/hw2.0/firmware-5.bin
/lib/firmware/ath10k/QCA9888/hw2.0/board-2.bin
/lib/firmware/imx/sdma/sdma-imx7d.bin
/lib/firmware/imx/sdma/sdma-imx6q.bin
/lib/firmware/libertas/cf8381.bin
/lib/firmware/libertas/gspi8688.bin
/lib/firmware/libertas/usb8388_v9.bin
/lib/firmware/libertas/usb8682.bin
/lib/firmware/libertas/sd8686_v9.bin
/lib/firmware/libertas/gspi8688_helper.bin
/lib/firmware/libertas/cf8385_helper.bin
/lib/firmware/libertas/sd8385.bin
/lib/firmware/libertas/gspi8686_v9_helper.bin
/lib/firmware/libertas/usb8388_v5.bin
/lib/firmware/libertas/sd8686_v8.bin
/lib/firmware/libertas/cf8381_helper.bin
/lib/firmware/libertas/gspi8686_v9.bin
/lib/firmware/libertas/sd8686_v9_helper.bin
/lib/firmware/libertas/cf8385.bin
/lib/firmware/libertas/sd8688.bin
/lib/firmware/libertas/sd8385_helper.bin
/lib/firmware/libertas/sd8688_helper.bin
/lib/firmware/libertas/sd8686_v8_helper.bin
/lib/firmware/advansys/3550.bin
/lib/firmware/advansys/mcode.bin
/lib/firmware/advansys/38C0800.bin
/lib/firmware/advansys/38C1600.bin
/lib/firmware/ene-ub6250/ms_init.bin
/lib/firmware/ene-ub6250/sd_rdwr.bin
/lib/firmware/ene-ub6250/msp_rdwr.bin
/lib/firmware/ene-ub6250/sd_init2.bin
/lib/firmware/ene-ub6250/sd_init1.bin
/lib/firmware/ene-ub6250/ms_rdwr.bin
/lib/firmware/sun/cassini.bin
/lib/firmware/qlogic/12160.bin
/lib/firmware/qlogic/1040.bin
/lib/firmware/qlogic/1280.bin
/lib/firmware/qlogic/isp1000.bin
/lib/firmware/adaptec/starfire_tx.bin
/lib/firmware/adaptec/starfire_rx.bin
/lib/firmware/rtl_bt/rtl8723d_fw.bin
/lib/firmware/rtl_bt/rtl8192ee_fw.bin
/lib/firmware/rtl_bt/rtl8822b_fw.bin
/lib/firmware/rtl_bt/rtl8761a_fw.bin
/lib/firmware/rtl_bt/rtl8822cs_config.bin
/lib/firmware/rtl_bt/rtl8852au_config.bin
/lib/firmware/rtl_bt/rtl8723d_config.bin
/lib/firmware/rtl_bt/rtl8821a_fw.bin
/lib/firmware/rtl_bt/rtl8822cs_fw.bin
/lib/firmware/rtl_bt/rtl8723bs_config-OBDA8723.bin
/lib/firmware/rtl_bt/rtl8822cu_config.bin
/lib/firmware/rtl_bt/rtl8852au_fw.bin
/lib/firmware/rtl_bt/rtl8821c_config.bin
/lib/firmware/rtl_bt/rtl8192eu_fw.bin
/lib/firmware/rtl_bt/rtl8821c_fw.bin
/lib/firmware/rtl_bt/rtl8822cu_fw.bin
/lib/firmware/rtl_bt/rtl8822b_config.bin
/lib/firmware/rtl_bt/rtl8812ae_fw.bin
/lib/firmware/rtl_bt/rtl8723a_fw.bin
/lib/firmware/rtl_bt/rtl8723b_fw.bin
/lib/firmware/rtl_bt/rtl8723bs_fw.bin
/lib/firmware/ti-keystone/ks2_qmss_pdsp_acc48_k2_le_1_0_0_9.bin
/lib/firmware/cpia2/stv0672_vp4.bin
/lib/firmware/microchip/mscc_vsc8584_revb_int8051_fb48.bin
/lib/firmware/microchip/mscc_vsc8574_revb_int8051_29e8.bin
/lib/firmware/qca/nvm_usb_00000200.bin
/lib/firmware/qca/rampatch_usb_00000201.bin
/lib/firmware/qca/nvm_00440302_i2s_eu.bin
/lib/firmware/qca/nvm_usb_00000201.bin
/lib/firmware/qca/nvm_usb_00000300.bin
/lib/firmware/qca/rampatch_usb_00000302.bin
/lib/firmware/qca/crnv32.bin
/lib/firmware/qca/nvm_00440302.bin
/lib/firmware/qca/rampatch_00130302.bin
/lib/firmware/qca/nvm_usb_00000302_eu.bin
/lib/firmware/qca/rampatch_00130300.bin
/lib/firmware/qca/nvm_00130300.bin
/lib/firmware/qca/rampatch_usb_00000200.bin
/lib/firmware/qca/rampatch_usb_00000300.bin
/lib/firmware/qca/rampatch_00440302.bin
/lib/firmware/qca/nvm_00130302.bin
/lib/firmware/qca/nvm_00440302_eu.bin
/lib/firmware/qca/htnv20.bin
/lib/firmware/qca/nvm_usb_00000302.bin
/lib/firmware/qca/crnv21.bin
/lib/firmware/qcom/a630_gmu.bin
/lib/firmware/acenic/tg2.bin
/lib/firmware/acenic/tg1.bin
/lib/firmware/dsp56k/bootstrap.bin
/lib/firmware/ositech/Xilinx7OD.bin
/lib/firmware/cxgb4/t4fw-1.15.37.0.bin
/lib/firmware/cxgb4/t6fw-1.24.11.0.bin
/lib/firmware/cxgb4/bcm8483.bin
/lib/firmware/cxgb4/t5fw.bin
/lib/firmware/cxgb4/t5fw-1.14.4.0.bin
/lib/firmware/cxgb4/t4fw-1.14.4.0.bin
/lib/firmware/cxgb4/t4fw-1.24.11.0.bin
/lib/firmware/cxgb4/t6fw.bin
/lib/firmware/cxgb4/t5fw-1.15.37.0.bin
/lib/firmware/cxgb4/t4fw.bin
/lib/firmware/cxgb4/t5fw-1.24.11.0.bin
/lib/firmware/rtw89/rtw8852a_fw.bin
/lib/firmware/mrvl/usb8797_uapsta.bin
/lib/firmware/mrvl/pcieuart8997_combo_v4.bin
/lib/firmware/mrvl/usb8897_uapsta.bin
/lib/firmware/mrvl/usb8766_uapsta.bin
/lib/firmware/mrvl/sd8797_uapsta.bin
/lib/firmware/mrvl/usbusb8997_combo_v4.bin
/lib/firmware/mrvl/sd8897_uapsta.bin
/lib/firmware/mrvl/pcie8897_uapsta.bin
/lib/firmware/mrvl/sd8787_uapsta.bin
/lib/firmware/mrvl/pcie8997_wlan_v4.bin
/lib/firmware/mrvl/pcieusb8997_combo_v4.bin
/lib/firmware/mrvl/sdsd8977_combo_v2.bin
/lib/firmware/mrvl/usb8801_uapsta.bin
/lib/firmware/mrvl/sd8801_uapsta.bin
/lib/firmware/mrvl/sd8887_uapsta.bin
/lib/firmware/mrvl/sd8688.bin
/lib/firmware/mrvl/sdsd8997_combo_v4.bin
/lib/firmware/mrvl/sd8688_helper.bin
/lib/firmware/cxgb3/t3c_psram-1.1.0.bin
/lib/firmware/cxgb3/ael2005_twx_edc.bin
/lib/firmware/cxgb3/t3fw-7.12.0.bin
/lib/firmware/cxgb3/ael2005_opt_edc.bin
/lib/firmware/cxgb3/t3b_psram-1.1.0.bin
/lib/firmware/cxgb3/ael2020_twx_edc.bin
/lib/firmware/amd-ucode/microcode_amd_fam16h.bin
/lib/firmware/amd-ucode/microcode_amd.bin
/lib/firmware/amd-ucode/microcode_amd_fam17h.bin
/lib/firmware/amd-ucode/microcode_amd_fam15h.bin
/lib/firmware/nvidia/tu117/sec2/sig.bin
/lib/firmware/nvidia/tu117/sec2/desc.bin
/lib/firmware/nvidia/tu117/sec2/image.bin
/lib/firmware/nvidia/tu117/acr/ucode_asb.bin
/lib/firmware/nvidia/tu117/acr/ucode_ahesasc.bin
/lib/firmware/nvidia/tu117/acr/bl.bin
/lib/firmware/nvidia/tu117/acr/unload_bl.bin
/lib/firmware/nvidia/tu117/acr/ucode_unload.bin
/lib/firmware/nvidia/tu117/nvdec/scrubber.bin
/lib/firmware/nvidia/tu117/gr/gpccs_inst.bin
/lib/firmware/nvidia/tu117/gr/sw_ctx.bin
/lib/firmware/nvidia/tu117/gr/gpccs_sig.bin
/lib/firmware/nvidia/tu117/gr/fecs_inst.bin
/lib/firmware/nvidia/tu117/gr/sw_bundle_init.bin
/lib/firmware/nvidia/tu117/gr/gpccs_data.bin
/lib/firmware/nvidia/tu117/gr/sw_veid_bundle_init.bin
/lib/firmware/nvidia/tu117/gr/gpccs_bl.bin
/lib/firmware/nvidia/tu117/gr/fecs_data.bin
/lib/firmware/nvidia/tu117/gr/fecs_bl.bin
/lib/firmware/nvidia/tu117/gr/sw_method_init.bin
/lib/firmware/nvidia/tu117/gr/sw_nonctx.bin
/lib/firmware/nvidia/tu117/gr/fecs_sig.bin
/lib/firmware/nvidia/tu104/sec2/sig.bin
/lib/firmware/nvidia/tu104/sec2/desc.bin
/lib/firmware/nvidia/tu104/sec2/image.bin
/lib/firmware/nvidia/tu104/acr/ucode_asb.bin
/lib/firmware/nvidia/tu104/acr/ucode_ahesasc.bin
/lib/firmware/nvidia/tu104/acr/bl.bin
/lib/firmware/nvidia/tu104/acr/unload_bl.bin
/lib/firmware/nvidia/tu104/acr/ucode_unload.bin
/lib/firmware/nvidia/tu104/nvdec/scrubber.bin
/lib/firmware/nvidia/tu104/gr/gpccs_inst.bin
/lib/firmware/nvidia/tu104/gr/sw_ctx.bin
/lib/firmware/nvidia/tu104/gr/gpccs_sig.bin
/lib/firmware/nvidia/tu104/gr/fecs_inst.bin
/lib/firmware/nvidia/tu104/gr/sw_bundle_init.bin
/lib/firmware/nvidia/tu104/gr/gpccs_data.bin
/lib/firmware/nvidia/tu104/gr/sw_veid_bundle_init.bin
/lib/firmware/nvidia/tu104/gr/gpccs_bl.bin
/lib/firmware/nvidia/tu104/gr/fecs_data.bin
/lib/firmware/nvidia/tu104/gr/fecs_bl.bin
/lib/firmware/nvidia/tu104/gr/sw_method_init.bin
/lib/firmware/nvidia/tu104/gr/sw_nonctx.bin
/lib/firmware/nvidia/tu104/gr/fecs_sig.bin
/lib/firmware/nvidia/tu116/sec2/sig.bin
/lib/firmware/nvidia/tu116/sec2/desc.bin
/lib/firmware/nvidia/tu116/sec2/image.bin
/lib/firmware/nvidia/tu116/acr/ucode_asb.bin
/lib/firmware/nvidia/tu116/acr/ucode_ahesasc.bin
/lib/firmware/nvidia/tu116/acr/bl.bin
/lib/firmware/nvidia/tu116/acr/unload_bl.bin
/lib/firmware/nvidia/tu116/acr/ucode_unload.bin
/lib/firmware/nvidia/tu116/nvdec/scrubber.bin
/lib/firmware/nvidia/tu116/gr/gpccs_inst.bin
/lib/firmware/nvidia/tu116/gr/sw_ctx.bin
/lib/firmware/nvidia/tu116/gr/gpccs_sig.bin
/lib/firmware/nvidia/tu116/gr/fecs_inst.bin
/lib/firmware/nvidia/tu116/gr/sw_bundle_init.bin
/lib/firmware/nvidia/tu116/gr/gpccs_data.bin
/lib/firmware/nvidia/tu116/gr/sw_veid_bundle_init.bin
/lib/firmware/nvidia/tu116/gr/gpccs_bl.bin
/lib/firmware/nvidia/tu116/gr/fecs_data.bin
/lib/firmware/nvidia/tu116/gr/fecs_bl.bin
/lib/firmware/nvidia/tu116/gr/sw_method_init.bin
/lib/firmware/nvidia/tu116/gr/sw_nonctx.bin
/lib/firmware/nvidia/tu116/gr/fecs_sig.bin
/lib/firmware/nvidia/tegra194/xusb.bin
/lib/firmware/nvidia/gm206/acr/ucode_load.bin
/lib/firmware/nvidia/gm206/acr/bl.bin
/lib/firmware/nvidia/gm206/acr/ucode_unload.bin
/lib/firmware/nvidia/gm206/gr/gpccs_inst.bin
/lib/firmware/nvidia/gm206/gr/sw_ctx.bin
/lib/firmware/nvidia/gm206/gr/gpccs_sig.bin
/lib/firmware/nvidia/gm206/gr/fecs_inst.bin
/lib/firmware/nvidia/gm206/gr/sw_bundle_init.bin
/lib/firmware/nvidia/gm206/gr/gpccs_data.bin
/lib/firmware/nvidia/gm206/gr/gpccs_bl.bin
/lib/firmware/nvidia/gm206/gr/fecs_data.bin
/lib/firmware/nvidia/gm206/gr/fecs_bl.bin
/lib/firmware/nvidia/gm206/gr/sw_method_init.bin
/lib/firmware/nvidia/gm206/gr/sw_nonctx.bin
/lib/firmware/nvidia/gm206/gr/fecs_sig.bin
/lib/firmware/nvidia/gm204/acr/ucode_load.bin
/lib/firmware/nvidia/gm204/acr/bl.bin
/lib/firmware/nvidia/gm204/acr/ucode_unload.bin
/lib/firmware/nvidia/gm204/gr/gpccs_inst.bin
/lib/firmware/nvidia/gm204/gr/sw_ctx.bin
/lib/firmware/nvidia/gm204/gr/gpccs_sig.bin
/lib/firmware/nvidia/gm204/gr/fecs_inst.bin
/lib/firmware/nvidia/gm204/gr/sw_bundle_init.bin
/lib/firmware/nvidia/gm204/gr/gpccs_data.bin
/lib/firmware/nvidia/gm204/gr/gpccs_bl.bin
/lib/firmware/nvidia/gm204/gr/fecs_data.bin
/lib/firmware/nvidia/gm204/gr/fecs_bl.bin
/lib/firmware/nvidia/gm204/gr/sw_method_init.bin
/lib/firmware/nvidia/gm204/gr/sw_nonctx.bin
/lib/firmware/nvidia/gm204/gr/fecs_sig.bin
/lib/firmware/nvidia/gm200/acr/ucode_load.bin
/lib/firmware/nvidia/gm200/acr/bl.bin
/lib/firmware/nvidia/gm200/acr/ucode_unload.bin
/lib/firmware/nvidia/gm200/gr/gpccs_inst.bin
/lib/firmware/nvidia/gm200/gr/sw_ctx.bin
/lib/firmware/nvidia/gm200/gr/gpccs_sig.bin
/lib/firmware/nvidia/gm200/gr/fecs_inst.bin
/lib/firmware/nvidia/gm200/gr/sw_bundle_init.bin
/lib/firmware/nvidia/gm200/gr/gpccs_data.bin
/lib/firmware/nvidia/gm200/gr/gpccs_bl.bin
/lib/firmware/nvidia/gm200/gr/fecs_data.bin
/lib/firmware/nvidia/gm200/gr/fecs_bl.bin
/lib/firmware/nvidia/gm200/gr/sw_method_init.bin
/lib/firmware/nvidia/gm200/gr/sw_nonctx.bin
/lib/firmware/nvidia/gm200/gr/fecs_sig.bin
/lib/firmware/nvidia/gv100/sec2/sig.bin
/lib/firmware/nvidia/gv100/sec2/desc.bin
/lib/firmware/nvidia/gv100/sec2/image.bin
/lib/firmware/nvidia/gv100/acr/ucode_load.bin
/lib/firmware/nvidia/gv100/acr/bl.bin
/lib/firmware/nvidia/gv100/acr/unload_bl.bin
/lib/firmware/nvidia/gv100/acr/ucode_unload.bin
/lib/firmware/nvidia/gv100/nvdec/scrubber.bin
/lib/firmware/nvidia/gv100/gr/gpccs_inst.bin
/lib/firmware/nvidia/gv100/gr/sw_ctx.bin
/lib/firmware/nvidia/gv100/gr/gpccs_sig.bin
/lib/firmware/nvidia/gv100/gr/fecs_inst.bin
/lib/firmware/nvidia/gv100/gr/sw_bundle_init.bin
/lib/firmware/nvidia/gv100/gr/gpccs_data.bin
/lib/firmware/nvidia/gv100/gr/gpccs_bl.bin
/lib/firmware/nvidia/gv100/gr/fecs_data.bin
/lib/firmware/nvidia/gv100/gr/fecs_bl.bin
/lib/firmware/nvidia/gv100/gr/sw_method_init.bin
/lib/firmware/nvidia/gv100/gr/sw_nonctx.bin
/lib/firmware/nvidia/gv100/gr/fecs_sig.bin
/lib/firmware/nvidia/gp102/sec2/image-1.bin
/lib/firmware/nvidia/gp102/sec2/sig.bin
/lib/firmware/nvidia/gp102/sec2/desc.bin
/lib/firmware/nvidia/gp102/sec2/desc-1.bin
/lib/firmware/nvidia/gp102/sec2/image.bin
/lib/firmware/nvidia/gp102/sec2/sig-1.bin
/lib/firmware/nvidia/gp102/acr/ucode_load.bin
/lib/firmware/nvidia/gp102/acr/bl.bin
/lib/firmware/nvidia/gp102/acr/unload_bl.bin
/lib/firmware/nvidia/gp102/acr/ucode_unload.bin
/lib/firmware/nvidia/gp102/nvdec/scrubber.bin
/lib/firmware/nvidia/gp102/gr/gpccs_inst.bin
/lib/firmware/nvidia/gp102/gr/sw_ctx.bin
/lib/firmware/nvidia/gp102/gr/gpccs_sig.bin
/lib/firmware/nvidia/gp102/gr/fecs_inst.bin
/lib/firmware/nvidia/gp102/gr/sw_bundle_init.bin
/lib/firmware/nvidia/gp102/gr/gpccs_data.bin
/lib/firmware/nvidia/gp102/gr/gpccs_bl.bin
/lib/firmware/nvidia/gp102/gr/fecs_data.bin
/lib/firmware/nvidia/gp102/gr/fecs_bl.bin
/lib/firmware/nvidia/gp102/gr/sw_method_init.bin
/lib/firmware/nvidia/gp102/gr/sw_nonctx.bin
/lib/firmware/nvidia/gp102/gr/fecs_sig.bin
/lib/firmware/nvidia/gm20b/pmu/sig.bin
/lib/firmware/nvidia/gm20b/pmu/desc.bin
/lib/firmware/nvidia/gm20b/pmu/image.bin
/lib/firmware/nvidia/gm20b/acr/ucode_load.bin
/lib/firmware/nvidia/gm20b/acr/bl.bin
/lib/firmware/nvidia/gm20b/gr/gpccs_inst.bin
/lib/firmware/nvidia/gm20b/gr/sw_ctx.bin
/lib/firmware/nvidia/gm20b/gr/fecs_inst.bin
/lib/firmware/nvidia/gm20b/gr/sw_bundle_init.bin
/lib/firmware/nvidia/gm20b/gr/gpccs_data.bin
/lib/firmware/nvidia/gm20b/gr/fecs_data.bin
/lib/firmware/nvidia/gm20b/gr/fecs_bl.bin
/lib/firmware/nvidia/gm20b/gr/sw_method_init.bin
/lib/firmware/nvidia/gm20b/gr/sw_nonctx.bin
/lib/firmware/nvidia/gm20b/gr/fecs_sig.bin
/lib/firmware/nvidia/tegra186/vic04_ucode.bin
/lib/firmware/nvidia/tegra186/xusb.bin
/lib/firmware/nvidia/tegra186/vic.bin
/lib/firmware/nvidia/gp107/sec2/image-1.bin
/lib/firmware/nvidia/gp107/sec2/sig.bin
/lib/firmware/nvidia/gp107/sec2/desc.bin
/lib/firmware/nvidia/gp107/sec2/desc-1.bin
/lib/firmware/nvidia/gp107/sec2/image.bin
/lib/firmware/nvidia/gp107/sec2/sig-1.bin
/lib/firmware/nvidia/gp107/acr/ucode_load.bin
/lib/firmware/nvidia/gp107/acr/bl.bin
/lib/firmware/nvidia/gp107/acr/unload_bl.bin
/lib/firmware/nvidia/gp107/acr/ucode_unload.bin
/lib/firmware/nvidia/gp107/nvdec/scrubber.bin
/lib/firmware/nvidia/gp107/gr/gpccs_inst.bin
/lib/firmware/nvidia/gp107/gr/sw_ctx.bin
/lib/firmware/nvidia/gp107/gr/gpccs_sig.bin
/lib/firmware/nvidia/gp107/gr/fecs_inst.bin
/lib/firmware/nvidia/gp107/gr/sw_bundle_init.bin
/lib/firmware/nvidia/gp107/gr/gpccs_data.bin
/lib/firmware/nvidia/gp107/gr/gpccs_bl.bin
/lib/firmware/nvidia/gp107/gr/fecs_data.bin
/lib/firmware/nvidia/gp107/gr/fecs_bl.bin
/lib/firmware/nvidia/gp107/gr/sw_method_init.bin
/lib/firmware/nvidia/gp107/gr/sw_nonctx.bin
/lib/firmware/nvidia/gp107/gr/fecs_sig.bin
/lib/firmware/nvidia/gp106/sec2/image-1.bin
/lib/firmware/nvidia/gp106/sec2/sig.bin
/lib/firmware/nvidia/gp106/sec2/desc.bin
/lib/firmware/nvidia/gp106/sec2/desc-1.bin
/lib/firmware/nvidia/gp106/sec2/image.bin
/lib/firmware/nvidia/gp106/sec2/sig-1.bin
/lib/firmware/nvidia/gp106/acr/ucode_load.bin
/lib/firmware/nvidia/gp106/acr/bl.bin
/lib/firmware/nvidia/gp106/acr/unload_bl.bin
/lib/firmware/nvidia/gp106/acr/ucode_unload.bin
/lib/firmware/nvidia/gp106/nvdec/scrubber.bin
/lib/firmware/nvidia/gp106/gr/gpccs_inst.bin
/lib/firmware/nvidia/gp106/gr/sw_ctx.bin
/lib/firmware/nvidia/gp106/gr/gpccs_sig.bin
/lib/firmware/nvidia/gp106/gr/fecs_inst.bin
/lib/firmware/nvidia/gp106/gr/sw_bundle_init.bin
/lib/firmware/nvidia/gp106/gr/gpccs_data.bin
/lib/firmware/nvidia/gp106/gr/gpccs_bl.bin
/lib/firmware/nvidia/gp106/gr/fecs_data.bin
/lib/firmware/nvidia/gp106/gr/fecs_bl.bin
/lib/firmware/nvidia/gp106/gr/sw_method_init.bin
/lib/firmware/nvidia/gp106/gr/sw_nonctx.bin
/lib/firmware/nvidia/gp106/gr/fecs_sig.bin
/lib/firmware/nvidia/gp10b/pmu/sig.bin
/lib/firmware/nvidia/gp10b/pmu/desc.bin
/lib/firmware/nvidia/gp10b/pmu/image.bin
/lib/firmware/nvidia/gp10b/acr/ucode_load.bin
/lib/firmware/nvidia/gp10b/acr/bl.bin
/lib/firmware/nvidia/gp10b/gr/gpccs_inst.bin
/lib/firmware/nvidia/gp10b/gr/sw_ctx.bin
/lib/firmware/nvidia/gp10b/gr/gpccs_sig.bin
/lib/firmware/nvidia/gp10b/gr/fecs_inst.bin
/lib/firmware/nvidia/gp10b/gr/sw_bundle_init.bin
/lib/firmware/nvidia/gp10b/gr/gpccs_data.bin
/lib/firmware/nvidia/gp10b/gr/gpccs_bl.bin
/lib/firmware/nvidia/gp10b/gr/fecs_data.bin
/lib/firmware/nvidia/gp10b/gr/fecs_bl.bin
/lib/firmware/nvidia/gp10b/gr/sw_method_init.bin
/lib/firmware/nvidia/gp10b/gr/sw_nonctx.bin
/lib/firmware/nvidia/gp10b/gr/fecs_sig.bin
/lib/firmware/nvidia/gp104/sec2/image-1.bin
/lib/firmware/nvidia/gp104/sec2/sig.bin
/lib/firmware/nvidia/gp104/sec2/desc.bin
/lib/firmware/nvidia/gp104/sec2/desc-1.bin
/lib/firmware/nvidia/gp104/sec2/image.bin
/lib/firmware/nvidia/gp104/sec2/sig-1.bin
/lib/firmware/nvidia/gp104/acr/ucode_load.bin
/lib/firmware/nvidia/gp104/acr/bl.bin
/lib/firmware/nvidia/gp104/acr/unload_bl.bin
/lib/firmware/nvidia/gp104/acr/ucode_unload.bin
/lib/firmware/nvidia/gp104/nvdec/scrubber.bin
/lib/firmware/nvidia/gp104/gr/gpccs_inst.bin
/lib/firmware/nvidia/gp104/gr/sw_ctx.bin
/lib/firmware/nvidia/gp104/gr/gpccs_sig.bin
/lib/firmware/nvidia/gp104/gr/fecs_inst.bin
/lib/firmware/nvidia/gp104/gr/sw_bundle_init.bin
/lib/firmware/nvidia/gp104/gr/gpccs_data.bin
/lib/firmware/nvidia/gp104/gr/gpccs_bl.bin
/lib/firmware/nvidia/gp104/gr/fecs_data.bin
/lib/firmware/nvidia/gp104/gr/fecs_bl.bin
/lib/firmware/nvidia/gp104/gr/sw_method_init.bin
/lib/firmware/nvidia/gp104/gr/sw_nonctx.bin
/lib/firmware/nvidia/gp104/gr/fecs_sig.bin
/lib/firmware/nvidia/tegra210/vic04_ucode.bin
/lib/firmware/nvidia/tegra210/xusb.bin
/lib/firmware/nvidia/tegra210/vic.bin
/lib/firmware/nvidia/gk20a/gpccs_inst.bin
/lib/firmware/nvidia/gk20a/sw_ctx.bin
/lib/firmware/nvidia/gk20a/fecs_inst.bin
/lib/firmware/nvidia/gk20a/sw_bundle_init.bin
/lib/firmware/nvidia/gk20a/gpccs_data.bin
/lib/firmware/nvidia/gk20a/fecs_data.bin
/lib/firmware/nvidia/gk20a/sw_method_init.bin
/lib/firmware/nvidia/gk20a/sw_nonctx.bin
/lib/firmware/nvidia/tu102/sec2/sig.bin
/lib/firmware/nvidia/tu102/sec2/desc.bin
/lib/firmware/nvidia/tu102/sec2/image.bin
/lib/firmware/nvidia/tu102/acr/ucode_asb.bin
/lib/firmware/nvidia/tu102/acr/ucode_ahesasc.bin
/lib/firmware/nvidia/tu102/acr/bl.bin
/lib/firmware/nvidia/tu102/acr/unload_bl.bin
/lib/firmware/nvidia/tu102/acr/ucode_unload.bin
/lib/firmware/nvidia/tu102/nvdec/scrubber.bin
/lib/firmware/nvidia/tu102/gr/gpccs_inst.bin
/lib/firmware/nvidia/tu102/gr/sw_ctx.bin
/lib/firmware/nvidia/tu102/gr/gpccs_sig.bin
/lib/firmware/nvidia/tu102/gr/fecs_inst.bin
/lib/firmware/nvidia/tu102/gr/sw_bundle_init.bin
/lib/firmware/nvidia/tu102/gr/gpccs_data.bin
/lib/firmware/nvidia/tu102/gr/sw_veid_bundle_init.bin
/lib/firmware/nvidia/tu102/gr/gpccs_bl.bin
/lib/firmware/nvidia/tu102/gr/fecs_data.bin
/lib/firmware/nvidia/tu102/gr/fecs_bl.bin
/lib/firmware/nvidia/tu102/gr/sw_method_init.bin
/lib/firmware/nvidia/tu102/gr/sw_nonctx.bin
/lib/firmware/nvidia/tu102/gr/fecs_sig.bin
/lib/firmware/nvidia/gp108/sec2/sig.bin
/lib/firmware/nvidia/gp108/sec2/desc.bin
/lib/firmware/nvidia/gp108/sec2/image.bin
/lib/firmware/nvidia/gp108/acr/ucode_load.bin
/lib/firmware/nvidia/gp108/acr/bl.bin
/lib/firmware/nvidia/gp108/acr/unload_bl.bin
/lib/firmware/nvidia/gp108/acr/ucode_unload.bin
/lib/firmware/nvidia/gp108/nvdec/scrubber.bin
/lib/firmware/nvidia/gp108/gr/gpccs_inst.bin
/lib/firmware/nvidia/gp108/gr/sw_ctx.bin
/lib/firmware/nvidia/gp108/gr/gpccs_sig.bin
/lib/firmware/nvidia/gp108/gr/fecs_inst.bin
/lib/firmware/nvidia/gp108/gr/sw_bundle_init.bin
/lib/firmware/nvidia/gp108/gr/gpccs_data.bin
/lib/firmware/nvidia/gp108/gr/gpccs_bl.bin
/lib/firmware/nvidia/gp108/gr/fecs_data.bin
/lib/firmware/nvidia/gp108/gr/fecs_bl.bin
/lib/firmware/nvidia/gp108/gr/sw_method_init.bin
/lib/firmware/nvidia/gp108/gr/sw_nonctx.bin
/lib/firmware/nvidia/gp108/gr/fecs_sig.bin
/lib/firmware/nvidia/gp100/acr/ucode_load.bin
/lib/firmware/nvidia/gp100/acr/bl.bin
/lib/firmware/nvidia/gp100/acr/ucode_unload.bin
/lib/firmware/nvidia/gp100/gr/gpccs_inst.bin
/lib/firmware/nvidia/gp100/gr/sw_ctx.bin
/lib/firmware/nvidia/gp100/gr/gpccs_sig.bin
/lib/firmware/nvidia/gp100/gr/fecs_inst.bin
/lib/firmware/nvidia/gp100/gr/sw_bundle_init.bin
/lib/firmware/nvidia/gp100/gr/gpccs_data.bin
/lib/firmware/nvidia/gp100/gr/gpccs_bl.bin
/lib/firmware/nvidia/gp100/gr/fecs_data.bin
/lib/firmware/nvidia/gp100/gr/fecs_bl.bin
/lib/firmware/nvidia/gp100/gr/sw_method_init.bin
/lib/firmware/nvidia/gp100/gr/sw_nonctx.bin
/lib/firmware/nvidia/gp100/gr/fecs_sig.bin
/lib/firmware/nvidia/tegra124/vic03_ucode.bin
/lib/firmware/nvidia/tegra124/xusb.bin
/lib/firmware/nvidia/tegra124/vic.bin
/lib/firmware/nvidia/tu106/sec2/sig.bin
/lib/firmware/nvidia/tu106/sec2/desc.bin
/lib/firmware/nvidia/tu106/sec2/image.bin
/lib/firmware/nvidia/tu106/acr/ucode_asb.bin
/lib/firmware/nvidia/tu106/acr/ucode_ahesasc.bin
/lib/firmware/nvidia/tu106/acr/bl.bin
/lib/firmware/nvidia/tu106/acr/unload_bl.bin
/lib/firmware/nvidia/tu106/acr/ucode_unload.bin
/lib/firmware/nvidia/tu106/nvdec/scrubber.bin
/lib/firmware/nvidia/tu106/gr/gpccs_inst.bin
/lib/firmware/nvidia/tu106/gr/sw_ctx.bin
/lib/firmware/nvidia/tu106/gr/gpccs_sig.bin
/lib/firmware/nvidia/tu106/gr/fecs_inst.bin
/lib/firmware/nvidia/tu106/gr/sw_bundle_init.bin
/lib/firmware/nvidia/tu106/gr/gpccs_data.bin
/lib/firmware/nvidia/tu106/gr/sw_veid_bundle_init.bin
/lib/firmware/nvidia/tu106/gr/gpccs_bl.bin
/lib/firmware/nvidia/tu106/gr/fecs_data.bin
/lib/firmware/nvidia/tu106/gr/fecs_bl.bin
/lib/firmware/nvidia/tu106/gr/sw_method_init.bin
/lib/firmware/nvidia/tu106/gr/sw_nonctx.bin
/lib/firmware/nvidia/tu106/gr/fecs_sig.bin
/lib/firmware/mwlwifi/88W8864.bin
/lib/firmware/mwlwifi/88W8897.bin
/lib/firmware/intel/dsp_fw_release_v969.bin
/lib/firmware/intel/irci_irci_ecr-master_20161208_0213_20170112_1500.bin
/lib/firmware/intel/dsp_fw_kbl_v2042.bin
/lib/firmware/intel/dsp_fw_kbl_v3266.bin
/lib/firmware/intel/dsp_fw_glk_v3366.bin
/lib/firmware/intel/fw_sst_0f28.bin
/lib/firmware/intel/dsp_fw_kbl_v1037.bin
/lib/firmware/intel/dsp_fw_release.bin
/lib/firmware/intel/dsp_fw_glk_v1814.bin
/lib/firmware/intel/dsp_fw_cnl.bin
/lib/firmware/intel/fw_sst_0f28_ssp0.bin
/lib/firmware/intel/dsp_fw_glk_v2768.bin
/lib/firmware/intel/dsp_fw_kbl_v701.bin
/lib/firmware/intel/dsp_fw_bxtn_v3366.bin
/lib/firmware/intel/dsp_fw_glk.bin
/lib/firmware/intel/dsp_fw_kbl.bin
/lib/firmware/intel/dsp_fw_kbl_v3420.bin
/lib/firmware/intel/dsp_fw_glk_v2880.bin
/lib/firmware/intel/dsp_fw_bxtn.bin
/lib/firmware/intel/IntcSST2.bin
/lib/firmware/intel/dsp_fw_cnl_v1191.bin
/lib/firmware/intel/fw_sst_22a8.bin
/lib/firmware/intel/ipu3-fw.bin
/lib/firmware/intel/dsp_fw_kbl_v3402.bin
/lib/firmware/intel/dsp_fw_cnl_v1858.bin
/lib/firmware/intel/dsp_fw_bxtn_v2219.bin
/lib/firmware/intel/ipu6_fw.bin
/lib/firmware/intel/dsp_fw_release_v3402.bin
/lib/firmware/intel/dsp_fw_kbl_v2630.bin
/lib/firmware/i915/icl_guc_33.0.0.bin
/lib/firmware/i915/bxt_huc_2.0.0.bin
/lib/firmware/i915/kbl_dmc_ver1_04.bin
/lib/firmware/i915/skl_guc_ver9_33.bin
/lib/firmware/i915/ehl_guc_33.0.4.bin
/lib/firmware/i915/skl_guc_33.0.0.bin
/lib/firmware/i915/kbl_dmc_ver1_01.bin
/lib/firmware/i915/kbl_guc_33.0.0.bin
/lib/firmware/i915/bxt_dmc_ver1.bin
/lib/firmware/i915/skl_huc_2.0.0.bin
/lib/firmware/i915/rkl_dmc_ver2_02.bin
/lib/firmware/i915/tgl_huc_7.0.12.bin
/lib/firmware/i915/skl_guc_ver6_1.bin
/lib/firmware/i915/glk_guc_33.0.0.bin
/lib/firmware/i915/skl_dmc_ver1_26.bin
/lib/firmware/i915/cml_huc_4.0.0.bin
/lib/firmware/i915/glk_dmc_ver1_04.bin
/lib/firmware/i915/bxt_guc_ver9_29.bin
/lib/firmware/i915/kbl_guc_32.0.3.bin
/lib/firmware/i915/skl_guc_ver1.bin
/lib/firmware/i915/icl_dmc_ver1_09.bin
/lib/firmware/i915/bxt_guc_33.0.0.bin
/lib/firmware/i915/skl_dmc_ver1_23.bin
/lib/firmware/i915/skl_guc_32.0.3.bin
/lib/firmware/i915/skl_guc_ver6.bin
/lib/firmware/i915/skl_dmc_ver1.bin
/lib/firmware/i915/tgl_dmc_ver2_06.bin
/lib/firmware/i915/glk_huc_4.0.0.bin
/lib/firmware/i915/bxt_huc_ver01_07_1398.bin
/lib/firmware/i915/cml_guc_33.0.0.bin
/lib/firmware/i915/cnl_dmc_ver1_07.bin
/lib/firmware/i915/bxt_guc_ver8_7.bin
/lib/firmware/i915/bxt_guc_32.0.3.bin
/lib/firmware/i915/kbl_huc_4.0.0.bin
/lib/firmware/i915/kbl_guc_ver9_39.bin
/lib/firmware/i915/ehl_huc_9.0.0.bin
/lib/firmware/i915/tgl_huc_7.0.3.bin
/lib/firmware/i915/kbl_huc_ver02_00_1810.bin
/lib/firmware/i915/glk_huc_ver03_01_2893.bin
/lib/firmware/i915/skl_guc_ver4.bin
/lib/firmware/i915/tgl_dmc_ver2_04.bin
/lib/firmware/i915/icl_huc_ver8_4_3238.bin
/lib/firmware/i915/icl_huc_9.0.0.bin
/lib/firmware/i915/bxt_huc_ver01_8_2893.bin
/lib/firmware/i915/bxt_dmc_ver1_07.bin
/lib/firmware/i915/skl_dmc_ver1_27.bin
/lib/firmware/i915/cnl_dmc_ver1_06.bin
/lib/firmware/i915/glk_guc_32.0.3.bin
/lib/firmware/i915/kbl_dmc_ver1.bin
/lib/firmware/i915/kbl_guc_ver9_14.bin
/lib/firmware/i915/icl_guc_32.0.3.bin
/lib/firmware/i915/skl_huc_ver01_07_1398.bin
/lib/firmware/i915/tgl_guc_35.2.0.bin
/lib/firmware/i915/icl_dmc_ver1_07.bin
/lib/firmware/i915/adls_dmc_ver2_01.bin
/lib/firmware/i915/tgl_dmc_ver2_08.bin
/lib/firmware/liquidio/lio_410nv_nic.bin
/lib/firmware/liquidio/lio_23xx_nic.bin
/lib/firmware/liquidio/lio_210sv_nic.bin
/lib/firmware/liquidio/lio_23xx_vsw.bin
/lib/firmware/liquidio/lio_210nv_nic.bin
/lib/firmware/brcm/brcmfmac4334-sdio.bin
/lib/firmware/brcm/brcmfmac4354-sdio.bin
/lib/firmware/brcm/brcmfmac43569.bin
/lib/firmware/brcm/brcmfmac43241b5-sdio.bin
/lib/firmware/brcm/brcmfmac43430-sdio.bin
/lib/firmware/brcm/brcmfmac43362-sdio.bin
/lib/firmware/brcm/brcmfmac43602-pcie.ap.bin
/lib/firmware/brcm/brcmfmac4358-pcie.bin
/lib/firmware/brcm/brcmfmac4356-sdio.bin
/lib/firmware/brcm/brcmfmac43236b.bin
/lib/firmware/brcm/brcmfmac4330-sdio.bin
/lib/firmware/brcm/brcmfmac4366c-pcie.bin
/lib/firmware/brcm/brcmfmac4350-pcie.bin
/lib/firmware/brcm/brcmfmac43430a0-sdio.bin
/lib/firmware/brcm/brcmfmac43602-pcie.bin
/lib/firmware/brcm/brcmfmac43241b4-sdio.bin
/lib/firmware/brcm/brcmfmac4356-pcie.bin
/lib/firmware/brcm/brcmfmac4329-sdio.bin
/lib/firmware/brcm/brcmfmac4350c2-pcie.bin
/lib/firmware/brcm/brcmfmac4335-sdio.bin
/lib/firmware/brcm/brcmfmac43242a.bin
/lib/firmware/brcm/brcmfmac43241b0-sdio.bin
/lib/firmware/brcm/bcm4329-fullmac-4.bin
/lib/firmware/brcm/brcmfmac43455-sdio.bin
/lib/firmware/brcm/brcmfmac43570-pcie.bin
/lib/firmware/brcm/brcmfmac43143-sdio.bin
/lib/firmware/brcm/brcmfmac43143.bin
/lib/firmware/brcm/brcmfmac4371-pcie.bin
/lib/firmware/brcm/brcmfmac4373-sdio.bin
/lib/firmware/brcm/brcmfmac43340-sdio.bin
/lib/firmware/brcm/brcmfmac4373.bin
/lib/firmware/brcm/brcmfmac4366b-pcie.bin
/lib/firmware/brcm/brcmfmac4339-sdio.bin
/lib/firmware/3com/typhoon.bin
/lib/firmware/av7110/bootcode.bin
/lib/firmware/r128/r128_cce.bin
/lib/firmware/ueagle-atm/CMVei.bin
/lib/firmware/ueagle-atm/DSP9p.bin
/lib/firmware/ueagle-atm/DSP9i.bin
/lib/firmware/ueagle-atm/DSPei.bin
/lib/firmware/ueagle-atm/DSP4p.bin
/lib/firmware/ueagle-atm/CMVep.bin
/lib/firmware/ueagle-atm/930-fpga.bin
/lib/firmware/ueagle-atm/CMV9i.bin
/lib/firmware/ueagle-atm/DSPep.bin
/lib/firmware/ueagle-atm/CMV9p.bin
/lib/libreoffice/program/uno.bin
/lib/libreoffice/program/soffice.bin
/lib/libreoffice/program/unopkg.bin
/lib/SYSLINUX/gptmbr.bin
/lib/SYSLINUX/mbr.bin
/lib/SYSLINUX/altmbr.bin
/lib/modules/5.11.0-36-generic/modules.symbols.bin
/lib/modules/5.11.0-36-generic/modules.alias.bin
/lib/modules/5.11.0-36-generic/modules.builtin.bin
/lib/modules/5.11.0-36-generic/modules.dep.bin
/lib/modules/5.11.0-36-generic/modules.builtin.alias.bin
/lib/modules/5.11.0-27-generic/modules.symbols.bin
/lib/modules/5.11.0-27-generic/modules.alias.bin
/lib/modules/5.11.0-27-generic/modules.builtin.bin
/lib/modules/5.11.0-27-generic/modules.dep.bin
/lib/modules/5.11.0-27-generic/modules.builtin.alias.bin
/lib/grub/i386-pc/g2hdr.bin
/lib/udev/hwdb.bin
/lib/crda/regulatory.bin
/lib/syslinux/mbr/gptmbr.bin
/lib/syslinux/mbr/mbr.bin
/lib/syslinux/mbr/altmbr.bin
/lib/syslinux/mbr/diag/handoff/handoff.bin
/lib/syslinux/mbr/extra/altmbr_f.bin
/lib/syslinux/mbr/extra/mbr_f.bin
/lib/syslinux/mbr/extra/gptmbr_f.bin
/lib/syslinux/mbr/extra/gptmbr_c.bin
/lib/syslinux/mbr/extra/mbr_c.bin
/lib/syslinux/mbr/extra/altmbr_c.bin
/lib/syslinux-legacy/mbr.bin