Windows-10-10.0.22458-SP024/Sep/21
19:20 PM
 Volume in drive C has no label.
 Volume Serial Number is 94BF-F550

 Directory of C:\Windows\System32

09/11/2021  04:50 PM            32,768 agentactivationruntimestarter.exe
09/11/2021  07:25 PM         1,167,360 AgentService.exe
09/11/2021  04:50 PM           282,624 AggregatorHost.exe
09/11/2021  04:50 PM         3,235,840 aitstatic.exe
09/11/2021  04:50 PM           110,592 alg.exe
06/08/2021  03:40 PM           585,136 amdfendrsr.exe
04/23/2021  12:56 AM           474,248 amdlogum.exe
09/11/2021  04:50 PM           147,456 AppHostRegistrationVerifier.exe
09/11/2021  04:50 PM            45,056 appidcertstorecheck.exe
09/11/2021  04:50 PM           163,840 appidpolicyconverter.exe
09/11/2021  04:50 PM            45,056 appidtel.exe
09/11/2021  04:50 PM            91,248 ApplicationFrameHost.exe
09/11/2021  07:25 PM         1,110,016 ApplySettingsTemplateCatalog.exe
09/11/2021  04:50 PM         1,405,248 ApplyTrustOffline.exe
09/11/2021  04:50 PM           253,952 ApproveChildRequest.exe
09/11/2021  07:24 PM           762,160 AppVClient.exe
09/11/2021  07:24 PM           184,608 AppVDllSurrogate.exe
09/11/2021  07:25 PM           176,416 AppVNice.exe
09/11/2021  07:25 PM           221,472 AppVShNotify.exe
09/11/2021  04:51 PM            45,056 ARP.EXE
09/11/2021  07:25 PM           135,168 AssignedAccessGuard.exe
09/11/2021  04:50 PM            45,056 at.exe
09/11/2021  04:50 PM           126,976 AtBroker.exe
04/23/2021  12:57 AM           464,024 atieah64.exe
04/23/2021  12:57 AM           805,016 atieclxx.exe
09/11/2021  04:51 PM            40,960 attrib.exe
09/11/2021  04:50 PM           859,800 audiodg.exe
09/11/2021  04:51 PM            57,344 auditpol.exe
09/11/2021  04:50 PM           157,360 AuthHost.exe
09/11/2021  04:50 PM         1,073,152 autochk.exe
09/11/2021  04:50 PM            81,920 AxInstUI.exe
09/11/2021  07:25 PM           131,072 baaupdate.exe
09/11/2021  04:50 PM            37,152 backgroundTaskHost.exe
09/11/2021  04:50 PM            61,440 BackgroundTransferHost.exe
09/11/2021  04:50 PM           253,952 bcdboot.exe
09/11/2021  04:50 PM           500,000 bcdedit.exe
09/11/2021  07:25 PM           409,600 bdechangepin.exe
09/11/2021  07:24 PM           151,552 BdeHdCfg.exe
09/11/2021  07:24 PM            77,824 BdeUISrv.exe
09/11/2021  07:25 PM           301,984 bdeunlock.exe
09/11/2021  04:51 PM           735,864 BioIso.exe
09/11/2021  07:24 PM           172,032 BitLockerDeviceEncryption.exe
09/11/2021  07:25 PM           122,880 BitLockerWizard.exe
09/11/2021  07:25 PM           122,880 BitLockerWizardElev.exe
09/11/2021  04:50 PM           233,472 bitsadmin.exe
09/11/2021  04:52 PM            49,152 bootim.exe
09/11/2021  04:50 PM           102,688 bootsect.exe
09/11/2021  04:51 PM            45,056 bridgeunattend.exe
09/11/2021  04:50 PM           163,840 browserexport.exe
09/11/2021  04:50 PM            61,728 browser_broker.exe
09/11/2021  04:50 PM            65,536 bthudtask.exe
09/11/2021  04:50 PM           106,496 ByteCodeGenerator.exe
09/11/2021  04:51 PM            57,344 cacls.exe
09/11/2021  04:51 PM            45,056 calc.exe
09/11/2021  07:24 PM            49,928 CameraSettingsUIHost.exe
09/11/2021  04:51 PM            87,120 CastSrv.exe
09/11/2021  04:50 PM            65,536 CertEnrollCtrl.exe
09/11/2021  04:51 PM           499,712 certreq.exe
09/11/2021  04:51 PM         1,568,768 certutil.exe
09/11/2021  07:25 PM            36,864 change.exe
09/11/2021  04:50 PM           120,176 changepk.exe
09/11/2021  04:51 PM           217,088 charmap.exe
09/11/2021  04:51 PM            53,248 CheckNetIsolation.exe
09/11/2021  07:25 PM            40,960 chglogon.exe
09/11/2021  07:25 PM            45,056 chgport.exe
09/11/2021  07:25 PM            40,960 chgusr.exe
09/11/2021  04:50 PM            49,152 chkdsk.exe
09/11/2021  04:50 PM            40,960 chkntfs.exe
09/11/2021  04:51 PM            53,248 choice.exe
09/11/2021  04:51 PM            61,440 CIDiag.exe
09/11/2021  04:50 PM            73,728 cipher.exe
09/11/2021  04:50 PM           196,896 CiTool.exe
09/11/2021  04:51 PM           299,008 cleanmgr.exe
09/11/2021  04:51 PM            49,152 cliconfg.exe
04/23/2021  12:58 AM           347,248 clinfo.exe
09/11/2021  04:51 PM            53,248 clip.exe
09/11/2021  07:25 PM           180,224 ClipDLS.exe
09/11/2021  07:25 PM           147,744 ClipRenew.exe
09/11/2021  04:51 PM         1,095,352 ClipUp.exe
09/11/2021  04:50 PM            90,400 CloudExperienceHostBroker.exe
09/11/2021  04:50 PM            78,856 CloudNotifications.exe
09/11/2021  04:50 PM           319,488 cmd.exe
09/11/2021  04:50 PM            45,056 cmdkey.exe
09/11/2021  04:50 PM            73,728 cmdl32.exe
09/11/2021  04:50 PM            65,536 cmmon32.exe
09/11/2021  04:50 PM           118,784 cmstp.exe
09/11/2021  04:51 PM            40,960 cofire.exe
09/11/2021  04:50 PM           106,496 colorcpl.exe
09/11/2021  04:51 PM            45,056 comp.exe
09/11/2021  04:50 PM            69,632 compact.exe
09/11/2021  04:50 PM           233,760 CompatTelRunner.exe
09/11/2021  04:51 PM           110,592 CompMgmtLauncher.exe
09/11/2021  04:50 PM           147,456 CompPkgSrv.exe
09/11/2021  04:51 PM            69,632 ComputerDefaults.exe
09/11/2021  04:50 PM         1,032,192 conhost.exe
09/11/2021  04:50 PM           192,800 consent.exe
09/11/2021  04:50 PM           135,168 control.exe
09/11/2021  04:51 PM            40,960 convert.exe
09/11/2021  04:50 PM           266,528 convertvhd.exe
09/11/2021  04:50 PM            77,824 coredpussvr.exe
09/11/2021  04:50 PM           450,736 CredentialEnrollmentManager.exe
09/11/2021  04:50 PM           178,024 CredentialUIBroker.exe
09/11/2021  04:51 PM            57,344 credwiz.exe
09/11/2021  04:50 PM           167,936 cscript.exe
09/11/2021  04:50 PM            33,440 csrss.exe
09/11/2021  04:50 PM            28,672 ctfmon.exe
09/11/2021  04:51 PM           114,688 cttune.exe
09/11/2021  04:51 PM            65,536 cttunesvr.exe
09/11/2021  04:51 PM           521,728 curl.exe
09/11/2021  04:50 PM           167,936 CustomInstallExec.exe
09/11/2021  07:25 PM         1,048,576 CustomShellHost.exe
09/11/2021  04:50 PM           147,456 dasHost.exe
09/11/2021  04:51 PM           266,528 DataExchangeHost.exe
09/11/2021  04:50 PM           176,128 DataStoreCacheDumpTool.exe
06/29/2021  12:15 AM           176,640 DataUsageLiveTileTask.exe
09/11/2021  04:50 PM           122,880 dccw.exe
09/11/2021  04:50 PM            28,672 dcomcnfg.exe
09/11/2021  04:50 PM            69,632 ddodiag.exe
09/11/2021  04:51 PM           245,760 Defrag.exe
09/11/2021  04:50 PM            53,248 deploymentcsphelper.exe
09/11/2021  04:50 PM           114,688 desktopimgdownldr.exe
09/11/2021  04:50 PM           114,976 DeviceCensus.exe
09/11/2021  04:50 PM           118,784 DeviceCredentialDeployment.exe
09/11/2021  04:50 PM            45,056 DeviceEject.exe
09/11/2021  04:50 PM           483,328 DeviceEnroller.exe
09/11/2021  04:51 PM           118,784 DevicePairingWizard.exe
09/11/2021  04:51 PM           110,592 DeviceProperties.exe
09/11/2021  04:51 PM            73,728 DFDWiz.exe
09/11/2021  04:51 PM           139,264 dfrgui.exe
04/23/2021  12:58 AM           500,864 dgtrayicon.exe
09/11/2021  04:51 PM            57,344 dialer.exe
09/11/2021  04:50 PM           172,032 directxdatabaseupdater.exe
09/11/2021  04:50 PM           188,416 diskpart.exe
09/11/2021  04:51 PM            45,056 diskperf.exe
09/11/2021  04:50 PM           364,544 diskraid.exe
09/11/2021  04:50 PM            94,208 DiskSnapshot.exe
09/11/2021  04:51 PM            69,632 diskusage.exe
09/11/2021  04:50 PM           332,064 Dism.exe
09/11/2021  04:50 PM           139,264 dispdiag.exe
09/11/2021  04:51 PM         1,946,520 DisplaySwitch.exe
09/11/2021  04:50 PM           102,400 djoin.exe
09/11/2021  04:50 PM            41,248 dllhost.exe
09/11/2021  04:50 PM            36,864 dllhst3g.exe
09/11/2021  04:50 PM           204,800 dmcertinst.exe
09/11/2021  04:50 PM            61,440 dmcfghost.exe
09/11/2021  04:50 PM           151,552 dmclient.exe
09/11/2021  04:50 PM            53,248 DmNotificationBroker.exe
09/11/2021  04:50 PM            57,344 DmOmaCpMo.exe
09/11/2021  04:50 PM            57,344 dnscacheugc.exe
09/11/2021  04:51 PM            40,960 doskey.exe
09/11/2021  04:50 PM            98,304 dpapimig.exe
09/11/2021  04:51 PM            98,304 DpiScaling.exe
09/11/2021  04:51 PM            28,672 dpnsvr.exe
09/11/2021  04:50 PM           102,400 driverquery.exe
09/11/2021  04:50 PM           368,640 drvinst.exe
09/11/2021  04:50 PM            53,248 DsmUserTask.exe
09/11/2021  04:50 PM           454,656 dsregcmd.exe
09/11/2021  04:50 PM            36,864 dstokenclean.exe
09/11/2021  04:50 PM           147,456 dtdump.exe
06/29/2021  12:14 AM           127,288 DTUHandler.exe
09/11/2021  04:51 PM            73,728 dusmtask.exe
09/11/2021  04:51 PM            32,768 dvdplay.exe
09/11/2021  04:50 PM           122,880 dwm.exe
09/11/2021  04:51 PM           253,952 DWWIN.EXE
09/11/2021  04:50 PM           299,008 dxdiag.exe
09/11/2021  04:50 PM           110,592 dxgiadaptercache.exe
09/11/2021  04:51 PM           348,160 Dxpserver.exe
09/11/2021  04:50 PM            36,864 Eap3Host.exe
09/11/2021  04:50 PM           159,744 EaseOfAccessDialog.exe
09/11/2021  04:51 PM            91,248 easinvoker.exe
09/10/2021  10:30 PM            90,112 EASPolicyManagerBrokerHost.exe
09/11/2021  04:51 PM           176,128 EDPCleanup.exe
09/11/2021  04:50 PM            90,112 edpnotify.exe
09/11/2021  04:51 PM           122,880 EduPrintProv.exe
04/23/2021  12:58 AM           440,472 EEURestart.exe
09/11/2021  04:50 PM            36,864 efsui.exe
09/11/2021  04:51 PM           147,456 EhStorAuthn.exe
09/11/2021  04:50 PM           180,224 EoAExperiences.exe
09/11/2021  04:51 PM           557,056 esentutl.exe
09/11/2021  04:51 PM           389,120 eudcedit.exe
09/11/2021  04:51 PM            65,536 eventcreate.exe
09/11/2021  04:51 PM           106,496 eventvwr.exe
09/11/2021  04:50 PM            69,632 expand.exe
09/11/2021  04:50 PM            57,344 extrac32.exe
09/11/2021  04:51 PM            45,056 fc.exe
09/11/2021  04:51 PM           159,744 fhmanagew.exe
09/11/2021  04:51 PM           262,144 FileHistory.exe
09/11/2021  04:51 PM            36,864 find.exe
09/11/2021  04:51 PM            57,344 findstr.exe
09/11/2021  04:51 PM            36,864 finger.exe
09/11/2021  04:50 PM            45,056 fixmapi.exe
09/11/2021  04:50 PM            49,152 fltMC.exe
09/11/2021  04:51 PM           110,592 fodhelper.exe
09/11/2021  04:51 PM           135,168 Fondue.exe
09/11/2021  04:50 PM           851,536 fontdrvhost.exe
09/11/2021  04:50 PM           147,456 fontview.exe
09/11/2021  04:51 PM            69,632 forfiles.exe
07/25/2018  02:56 PM            23,912 fpCSEvtSvc.exe
09/11/2021  04:51 PM            36,864 fsavailux.exe
09/11/2021  04:51 PM           124,328 FsIso.exe
09/11/2021  04:50 PM           167,936 fsquirt.exe
09/11/2021  04:51 PM           254,240 fsutil.exe
09/11/2021  04:51 PM            73,728 ftp.exe
09/11/2021  07:24 PM           208,896 fvenotify.exe
09/11/2021  07:24 PM           184,320 fveprompt.exe
09/18/2021  10:48 AM           262,144 FXSCOVER.exe
09/18/2021  10:48 AM           679,936 FXSSVC.exe
09/18/2021  10:48 AM            40,960 FXSUNATD.exe
09/11/2021  04:51 PM           356,352 GameBarPresenceWriter.exe
09/11/2021  04:51 PM         1,347,584 GamePanel.exe
09/11/2021  04:50 PM           661,464 GenValObj.exe
09/11/2021  04:50 PM           102,400 getmac.exe
09/11/2021  04:51 PM           233,472 gpresult.exe
09/11/2021  07:25 PM            65,536 gpscript.exe
09/11/2021  04:51 PM            53,248 gpupdate.exe
09/11/2021  04:51 PM            40,960 grpconv.exe
09/11/2021  04:50 PM            77,824 hdwwiz.exe
09/11/2021  04:50 PM           507,904 HealthAttestationClientAgent.exe
09/11/2021  04:51 PM            28,672 help.exe
09/11/2021  04:51 PM            36,864 HOSTNAME.EXE
09/11/2021  04:51 PM         1,687,840 hvax64.exe
09/11/2021  04:51 PM         1,929,504 hvix64.exe
09/11/2021  07:24 PM           176,416 hvsievaluator.exe
01/07/2020  07:26 AM           536,864 ibtsiva.exe
09/11/2021  04:51 PM            57,344 icacls.exe
09/11/2021  04:50 PM            61,440 IcsEntitlementHost.exe
09/11/2021  04:50 PM            41,664 icsunattend.exe
09/11/2021  04:51 PM           282,624 ie4uinit.exe
09/11/2021  04:51 PM           122,880 ie4ushowIE.exe
09/11/2021  04:51 PM           528,384 IESettingSync.exe
09/11/2021  04:51 PM            98,304 ieUnatt.exe
09/11/2021  04:51 PM           184,320 iexpress.exe
09/11/2021  04:50 PM           151,552 immersivetpmvscmgrsvr.exe
09/11/2021  04:50 PM            32,768 InfDefaultInstall.exe
09/11/2021  04:50 PM           131,072 InputSwitchToastHandler.exe
09/11/2021  07:24 PM           160,032 iotstartup.exe
09/11/2021  04:51 PM            53,248 ipconfig.exe
09/11/2021  04:51 PM            69,632 iscsicli.exe
09/11/2021  04:51 PM            28,672 iscsicpl.exe
09/11/2021  04:50 PM            57,344 ISM.exe
09/11/2021  04:51 PM           143,360 isoburn.exe
09/11/2021  04:51 PM            61,440 klist.exe
09/11/2021  04:51 PM            61,440 ksetup.exe
09/11/2021  04:51 PM            40,960 ktmutil.exe
09/11/2021  04:50 PM            36,864 la57setup.exe
09/11/2021  04:51 PM            36,864 label.exe
09/11/2021  04:50 PM            77,824 LanguageComponentsInstallerComHandler.exe
09/11/2021  04:50 PM            28,672 LaunchTM.exe
09/11/2021  04:50 PM            69,632 LaunchWinApp.exe
09/11/2021  04:50 PM           249,856 LegacyNetUXHost.exe
09/11/2021  04:50 PM            73,728 LicenseManagerShellext.exe
09/11/2021  04:50 PM           430,080 licensingdiag.exe
09/11/2021  04:50 PM           161,496 LicensingUI.exe
09/11/2021  04:51 PM            98,304 LocationNotificationWindows.exe
09/11/2021  04:50 PM            28,672 Locator.exe
09/11/2021  04:50 PM           103,648 LockAppHost.exe
09/11/2021  04:50 PM            66,456 LockScreenContentServer.exe
09/11/2021  04:50 PM            73,728 lodctr.exe
09/11/2021  07:25 PM           131,072 logagent.exe
09/11/2021  04:51 PM           118,784 logman.exe
09/11/2021  07:25 PM            45,056 logoff.exe
09/11/2021  04:50 PM            40,960 LogonUI.exe
09/11/2021  04:50 PM            61,440 lpkinstall.exe
09/11/2021  04:50 PM           765,952 lpksetup.exe
09/11/2021  04:50 PM           106,496 lpremove.exe
09/11/2021  04:50 PM           347,456 LsaIso.exe
09/11/2021  04:50 PM            78,880 lsass.exe
09/11/2021  04:50 PM           733,184 Magnify.exe
09/11/2021  04:50 PM           106,496 makecab.exe
09/11/2021  07:25 PM           262,144 manage-bde.exe
09/11/2021  07:24 PM           192,800 mavinject.exe
09/11/2021  04:51 PM           835,584 mblctr.exe
09/11/2021  04:51 PM           331,776 MBR2GPT.EXE
09/11/2021  04:50 PM           126,976 mcbuilder.exe
09/11/2021  07:25 PM           520,192 MDEServer.exe
09/11/2021  04:50 PM           184,320 MDMAgent.exe
09/11/2021  04:51 PM           188,416 MDMAppInstaller.exe
09/11/2021  04:50 PM            90,112 MdmDiagnosticsTool.exe
09/11/2021  04:51 PM           106,496 MdRes.exe
09/11/2021  04:51 PM           110,592 MdSched.exe
09/11/2021  07:25 PM            66,456 mfpmp.exe
09/11/2021  07:25 PM           417,792 Microsoft.Uev.CscUnpinTool.exe
09/11/2021  07:25 PM            83,456 Microsoft.Uev.SyncController.exe
09/11/2021  04:50 PM           122,880 MicrosoftEdgeBCHost.exe
09/11/2021  04:50 PM           122,880 MicrosoftEdgeCP.exe
09/11/2021  04:50 PM           122,880 MicrosoftEdgeDevTools.exe
09/11/2021  04:50 PM            81,920 MicrosoftEdgeSH.exe
07/02/2020  11:43 PM         2,938,448 MicTray64.exe
09/11/2021  04:51 PM         1,916,928 mmc.exe
09/11/2021  04:50 PM         1,478,656 mmgaserver.exe
09/11/2021  04:51 PM           126,976 mobsync.exe
09/11/2021  04:50 PM           442,472 MoNotificationUx.exe
09/11/2021  04:51 PM            40,960 mountvol.exe
06/29/2021  12:14 AM         1,553,408 MoUsoCoreWorker.exe
09/11/2021  04:50 PM            40,960 mpnotify.exe
08/31/2021  10:54 AM           803,176 MpSigStub.exe
09/11/2021  04:51 PM            36,864 MRINFO.EXE
08/13/2021  10:35 AM       133,215,968 MRT.exe
09/11/2021  04:50 PM           102,400 MSchedExe.exe
09/11/2021  04:51 PM           249,856 msconfig.exe
09/11/2021  04:51 PM           462,848 msdt.exe
09/11/2021  04:51 PM           167,936 msdtc.exe
09/11/2021  04:51 PM            32,768 msfeedssync.exe
09/11/2021  07:25 PM            45,056 msg.exe
09/11/2021  04:51 PM            32,768 mshta.exe
09/11/2021  04:51 PM           180,224 msiexec.exe
09/11/2021  04:51 PM           348,160 msinfo32.exe
09/11/2021  04:52 PM           655,360 msra.exe
09/11/2021  04:52 PM            98,304 MsSpellCheckingHost.exe
09/11/2021  04:51 PM         1,753,088 mstsc.exe
09/11/2021  04:50 PM           172,032 mtstocom.exe
09/11/2021  04:50 PM           114,688 MuiUnattend.exe
09/11/2021  04:51 PM            77,824 MultiDigiMon.exe
07/24/2021  12:24 AM           574,680 MusNotifyIcon.exe
09/11/2021  04:50 PM           598,016 Narrator.exe
09/11/2021  04:50 PM            40,960 nbtstat.exe
09/11/2021  04:50 PM            90,112 ndadmin.exe
09/11/2021  04:51 PM            49,440 NDKPerfCmd.exe
09/11/2021  04:51 PM            45,344 NDKPing.exe
09/11/2021  04:51 PM            81,920 net.exe
09/11/2021  04:51 PM           204,800 net1.exe
09/11/2021  04:50 PM            45,056 netbtugc.exe
09/11/2021  04:50 PM            65,536 netcfg.exe
09/11/2021  04:50 PM            98,304 NetCfgNotifyObjectHost.exe
09/11/2021  04:51 PM            53,248 NetEvtFwdr.exe
09/11/2021  04:50 PM            32,768 NetHost.exe
09/11/2021  04:50 PM            53,248 netiougc.exe
09/11/2021  04:50 PM            61,440 Netplwiz.exe
09/11/2021  04:51 PM           118,784 netsh.exe
09/11/2021  04:51 PM            61,440 NETSTAT.EXE
09/11/2021  04:50 PM            90,112 newdev.exe
09/11/2021  04:51 PM           500,344 NgcIso.exe
09/11/2021  04:51 PM           561,152 nltest.exe
09/11/2021  04:58 AM           352,256 notepad.exe
09/11/2021  04:50 PM           102,400 nslookup.exe
09/11/2021  04:50 PM        11,841,824 ntoskrnl.exe
09/11/2021  04:50 PM            86,016 ntprint.exe
09/11/2021  04:51 PM            98,304 odbcad32.exe
09/11/2021  04:51 PM            45,056 odbcconf.exe
09/11/2021  04:50 PM            98,304 ofdeploy.exe
09/11/2021  04:50 PM           446,464 omadmclient.exe
09/11/2021  04:50 PM           135,168 omadmprc.exe
09/11/2021  04:51 PM            90,112 openfiles.exe
09/11/2021  04:50 PM           116,040 OpenWith.exe
09/11/2021  04:51 PM           135,168 OptionalFeatures.exe
09/11/2021  04:50 PM           700,416 osk.exe
09/11/2021  04:50 PM            37,536 pacjsworker.exe
09/11/2021  04:50 PM            65,536 PackagedCWALauncher.exe
09/11/2021  07:25 PM           102,400 PackageInspector.exe
09/11/2021  04:50 PM            62,328 PasswordOnWakeSettingFlyout.exe
09/11/2021  04:51 PM            40,960 PATHPING.EXE
09/11/2021  04:50 PM            77,824 pcalua.exe
09/11/2021  04:50 PM           196,608 pcaui.exe
09/11/2021  04:51 PM            36,864 pcwrun.exe
09/11/2021  04:51 PM           180,224 perfmon.exe
09/11/2021  04:50 PM           124,304 phoneactivate.exe
09/11/2021  04:50 PM           140,832 PickerHost.exe
09/11/2021  04:50 PM           151,552 PinEnrollmentBroker.exe
09/11/2021  04:51 PM            40,960 PING.EXE
09/11/2021  04:50 PM           241,664 PkgMgr.exe
09/11/2021  04:51 PM           712,992 PktMon.exe
09/11/2021  04:51 PM            28,672 plasrv.exe
09/11/2021  04:50 PM            73,728 PnPUnattend.exe
09/11/2021  04:50 PM           196,608 pnputil.exe
09/11/2021  04:50 PM           540,672 poqexec.exe
09/11/2021  04:50 PM            69,632 pospaymentsworker.exe
09/11/2021  04:50 PM           118,784 powercfg.exe
09/11/2021  04:51 PM           278,528 PresentationHost.exe
09/11/2021  07:25 PM           253,952 PresentationSettings.exe
09/11/2021  04:50 PM            49,152 prevhost.exe
09/11/2021  04:51 PM            36,864 print.exe
09/11/2021  07:25 PM            94,208 PrintBrmUi.exe
09/11/2021  04:50 PM           655,360 printfilterpipelinesvc.exe
09/11/2021  04:50 PM            94,208 PrintIsolationHost.exe
09/11/2021  04:50 PM            81,920 printui.exe
09/11/2021  04:50 PM            69,632 proquota.exe
09/11/2021  04:51 PM            81,920 provlaunch.exe
09/11/2021  04:50 PM           114,688 provtool.exe
09/11/2021  04:51 PM           293,720 ProximityUxHost.exe
09/11/2021  04:50 PM            37,536 prproc.exe
09/11/2021  04:59 AM           278,528 psr.exe
09/11/2021  04:51 PM            53,248 pwlauncher.exe
09/11/2021  07:25 PM            45,056 qappsrv.exe
09/11/2021  07:25 PM            45,056 qprocess.exe
09/11/2021  07:25 PM            36,864 query.exe
09/11/2021  04:48 AM           724,992 quickassist.exe
09/11/2021  07:25 PM            45,056 quser.exe
09/11/2021  07:25 PM            49,152 qwinsta.exe
09/11/2021  04:50 PM            40,960 rasautou.exe
09/11/2021  04:50 PM            45,056 rasdial.exe
09/11/2021  04:52 PM           180,224 raserver.exe
09/11/2021  04:50 PM            57,344 rasphone.exe
09/11/2021  04:51 PM           577,536 rdpclip.exe
09/11/2021  07:24 PM           459,040 rdpinit.exe
09/11/2021  04:51 PM           225,280 rdpinput.exe
09/11/2021  04:51 PM            81,920 RdpSa.exe
09/11/2021  04:51 PM            61,440 RdpSaProxy.exe
09/11/2021  04:51 PM            57,344 RdpSaUacHelper.exe
09/11/2021  07:24 PM           667,936 rdpshell.exe
09/11/2021  07:24 PM           118,784 rdpsign.exe
09/11/2021  04:50 PM            73,728 rdrleakdiag.exe
09/11/2021  04:50 PM            69,632 ReAgentc.exe
09/11/2021  04:51 PM           217,088 recdisc.exe
09/11/2021  04:51 PM            36,864 recover.exe
09/11/2021  04:51 PM           360,448 RecoveryDrive.exe
09/11/2021  04:50 PM         1,114,112 refsutil.exe
09/11/2021  04:51 PM           102,400 reg.exe
09/11/2021  04:51 PM            28,672 regedt32.exe
09/11/2021  04:51 PM            65,536 regini.exe
09/11/2021  04:50 PM            49,152 Register-CimProvider.exe
09/11/2021  04:51 PM            45,056 regsvr32.exe
09/11/2021  04:50 PM           143,360 rekeywiz.exe
09/11/2021  04:51 PM            73,728 relog.exe
09/11/2021  04:50 PM           212,992 RelPost.exe
09/11/2021  07:24 PM           118,784 RemoteAppLifetimeManager.exe
09/11/2021  04:50 PM            36,864 RemotePosWorker.exe
09/11/2021  07:25 PM           151,552 repair-bde.exe
09/11/2021  04:51 PM            40,960 replace.exe
09/11/2021  07:25 PM            36,864 reset.exe
09/11/2021  04:51 PM            33,056 ResetEngine.exe
09/11/2021  04:51 PM           131,072 resmon.exe
09/11/2021  04:50 PM           602,112 RMActivate.exe
09/11/2021  04:50 PM           630,784 RMActivate_isv.exe
09/11/2021  04:50 PM           520,192 RMActivate_ssp.exe
09/11/2021  04:50 PM           524,288 RMActivate_ssp_isv.exe
09/11/2021  04:50 PM            40,960 RmClient.exe
09/11/2021  04:50 PM           147,456 rmttpmvscmgrsvr.exe
09/11/2021  04:51 PM           163,840 Robocopy.exe
09/11/2021  04:51 PM            45,056 ROUTE.EXE
09/11/2021  04:50 PM            53,248 RpcPing.exe
09/11/2021  07:25 PM            77,824 rrinstaller.exe
09/11/2021  04:51 PM           294,912 rstrui.exe
09/11/2021  04:51 PM            40,960 runas.exe
09/11/2021  04:50 PM            73,728 rundll32.exe
09/11/2021  04:50 PM            77,824 runexehelper.exe
09/11/2021  04:50 PM            49,152 RunLegacyCPLElevated.exe
09/11/2021  04:50 PM            90,112 runonce.exe
09/11/2021  04:50 PM           124,304 RuntimeBroker.exe
09/11/2021  07:25 PM            45,056 rwinsta.exe
09/11/2021  04:51 PM            98,304 sc.exe
09/11/2021  04:50 PM           253,952 schtasks.exe
09/11/2021  07:25 PM            17,696 ScriptRunner.exe
09/11/2021  04:50 PM            45,056 sdbinst.exe
09/11/2021  04:52 PM            94,208 sdchange.exe
09/11/2021  04:51 PM         1,118,208 sdclt.exe
09/11/2021  04:51 PM            57,344 sdiagnhost.exe
09/11/2021  04:50 PM           282,624 SearchFilterHost.exe
09/11/2021  04:50 PM           929,792 SearchIndexer.exe
09/11/2021  04:50 PM           454,656 SearchProtocolHost.exe
09/11/2021  04:50 PM            65,536 SecEdit.exe
09/11/2021  04:50 PM            28,672 secinit.exe
09/11/2021  04:51 PM         1,073,440 securekernel.exe
09/11/2021  04:50 PM           110,880 SecurityHealthHost.exe
09/11/2021  04:50 PM           136,728 SecurityHealthService.exe
09/11/2021  04:50 PM           266,240 SecurityHealthSystray.exe
09/11/2021  04:50 PM         1,191,936 SensorDataService.exe
09/11/2021  04:50 PM           731,744 services.exe
09/11/2021  04:51 PM            99,512 sessionmsg.exe
09/11/2021  04:50 PM           147,456 sethc.exe
09/11/2021  04:51 PM            53,248 setspn.exe
09/11/2021  04:50 PM            28,672 setupcl.exe
09/11/2021  04:50 PM           172,032 setupugc.exe
09/11/2021  04:51 PM            81,920 setx.exe
09/11/2021  04:50 PM            69,632 sfc.exe
09/11/2021  04:51 PM           409,448 SgrmBroker.exe
09/11/2021  04:51 PM            74,016 SgrmLpac.exe
09/11/2021  04:50 PM         1,062,272 ShellAppRuntime.exe
09/11/2021  04:50 PM            73,728 shrpubw.exe
09/11/2021  04:50 PM            53,248 shutdown.exe
09/11/2021  04:50 PM            98,304 sigverif.exe
09/11/2021  04:51 PM           459,024 SIHClient.exe
09/11/2021  04:50 PM           147,456 sihost.exe
09/11/2021  04:50 PM            33,400 SlideToShutDown.exe
09/11/2021  04:50 PM           610,304 slui.exe
09/11/2021  04:50 PM         2,531,328 smartscreen.exe
09/11/2021  04:50 PM           169,792 smss.exe
09/11/2021  04:50 PM           310,248 SndVol.exe
09/11/2021  04:50 PM            36,864 snmptrap.exe
09/11/2021  04:51 PM            45,056 sort.exe
09/11/2021  04:51 PM           208,896 SpaceAgent.exe
09/11/2021  04:51 PM            98,592 spaceman.exe
09/11/2021  04:51 PM           225,280 spaceutil.exe
09/11/2021  04:50 PM           192,512 SpatialAudioLicenseSrv.exe
09/11/2021  04:51 PM           765,952 Spectrum.exe
09/11/2021  04:50 PM           880,640 spoolsv.exe
09/11/2021  04:50 PM           593,920 SppExtComObj.Exe
09/11/2021  04:50 PM         4,814,128 sppsvc.exe
09/11/2021  04:51 PM            36,864 srdelayed.exe
09/11/2021  04:51 PM            77,824 SrTasks.exe
09/11/2021  04:51 PM           180,224 stordiag.exe
09/11/2021  04:51 PM            36,864 subst.exe
09/11/2021  04:50 PM            83,008 svchost.exe
09/11/2021  04:50 PM            61,440 sxstrace.exe
10/04/2019  02:52 PM           170,496 SynaMonApp.exe
09/11/2021  07:25 PM            61,728 SyncAppvPublishingServer.exe
09/11/2021  04:51 PM            65,536 SyncHost.exe
01/21/2021  12:28 PM         4,287,888 SynTPEnh.exe
01/21/2021  12:28 PM           342,416 SynTPEnhService.exe
09/11/2021  04:51 PM            65,824 SysResetErr.exe
09/11/2021  04:51 PM           118,784 systeminfo.exe
09/11/2021  04:50 PM           102,400 SystemPropertiesAdvanced.exe
09/11/2021  04:50 PM           102,400 SystemPropertiesComputerName.exe
09/11/2021  04:50 PM           102,400 SystemPropertiesDataExecutionPrevention.exe
09/11/2021  04:50 PM           102,400 SystemPropertiesHardware.exe
09/11/2021  04:50 PM           102,400 SystemPropertiesPerformance.exe
09/11/2021  04:50 PM           102,400 SystemPropertiesProtection.exe
09/11/2021  04:50 PM           102,400 SystemPropertiesRemote.exe
09/11/2021  04:51 PM           566,432 systemreset.exe
09/11/2021  04:50 PM           640,808 SystemSettingsAdminFlows.exe
09/11/2021  04:50 PM           227,608 SystemSettingsBroker.exe
09/11/2021  04:51 PM            58,192 SystemSettingsRemoveDevice.exe
09/11/2021  04:50 PM           118,784 SystemUWPLauncher.exe
09/11/2021  04:50 PM            28,672 systray.exe
09/11/2021  04:51 PM           110,592 tabcal.exe
09/11/2021  04:51 PM            86,016 takeown.exe
09/11/2021  04:51 PM            36,864 TapiUnattend.exe
09/11/2021  04:51 PM            77,824 tar.exe
09/11/2021  04:50 PM           107,776 taskhostw.exe
09/11/2021  04:51 PM           114,688 taskkill.exe
09/11/2021  04:51 PM           118,784 tasklist.exe
09/11/2021  04:50 PM         1,520,920 Taskmgr.exe
09/11/2021  04:51 PM           851,136 tcblaunch.exe
09/11/2021  04:51 PM            36,864 tcmsetup.exe
09/11/2021  04:51 PM            32,768 TCPSVCS.EXE
09/11/2021  04:50 PM            86,016 ThumbnailExtractionHost.exe
09/11/2021  04:51 PM           344,064 TieringEngineService.exe
09/11/2021  04:51 PM            53,248 timeout.exe
09/11/2021  04:50 PM            73,728 TokenBrokerCookies.exe
09/11/2021  04:50 PM            90,112 TpmInit.exe
09/11/2021  04:50 PM           172,032 TpmTool.exe
09/11/2021  04:50 PM           122,880 tpmvscmgr.exe
09/11/2021  04:50 PM           147,456 tpmvscmgrsvr.exe
09/11/2021  04:51 PM           430,080 tracerpt.exe
09/11/2021  04:51 PM            36,864 TRACERT.EXE
09/11/2021  07:25 PM            45,056 tscon.exe
09/11/2021  07:25 PM            45,056 tsdiscon.exe
09/11/2021  07:25 PM            45,056 tskill.exe
09/11/2021  04:51 PM            94,208 TSTheme.exe
09/11/2021  04:51 PM           114,688 TSWbPrxy.exe
08/24/2021  02:34 AM            37,864 TsWpfWrp.exe
09/11/2021  04:50 PM           310,248 ttdinject.exe
09/11/2021  04:50 PM           106,784 tttracer.exe
09/11/2021  04:51 PM            73,728 typeperf.exe
09/11/2021  04:50 PM            70,656 tzsync.exe
09/11/2021  04:50 PM            61,440 tzutil.exe
09/11/2021  04:50 PM            45,344 ucsvc.exe
09/11/2021  07:25 PM            40,960 UevAgentPolicyGenerator.exe
09/11/2021  07:25 PM            55,296 UevAppMonitor.exe
09/11/2021  07:25 PM            13,824 UevTemplateBaselineGenerator.exe
09/11/2021  07:25 PM            11,776 UevTemplateConfigItemGenerator.exe
09/11/2021  04:50 PM            69,632 UIMgrBroker.exe
09/11/2021  04:50 PM            61,440 unlodctr.exe
09/11/2021  05:02 AM           278,528 unregmp2.exe
09/11/2021  04:50 PM           144,992 upfc.exe
09/11/2021  04:50 PM            69,632 UpgradeResultsUI.exe
09/11/2021  04:51 PM            69,632 upnpcont.exe
09/11/2021  04:51 PM            77,824 UPPrinterInstaller.exe
09/11/2021  04:50 PM            66,456 UserAccountBroker.exe
09/11/2021  04:50 PM           155,648 UserAccountControlSettings.exe
09/11/2021  04:51 PM            69,632 UserDataSource.exe
09/11/2021  04:50 PM            81,920 userinit.exe
09/11/2021  04:50 PM           462,848 UsoClient.exe
06/29/2021  12:14 AM         1,415,168 usocoreworker.exe
09/11/2021  04:50 PM           159,744 UtcDecoderHost.exe
09/11/2021  04:50 PM           163,840 Utilman.exe
07/25/2018  02:56 PM            92,520 valWBFPolicyService.exe
09/11/2021  04:50 PM            49,152 VaultCmd.exe
09/11/2021  04:50 PM           700,416 vds.exe
09/11/2021  04:50 PM            73,728 vdsldr.exe
09/11/2021  04:50 PM            36,864 verclsid.exe
09/11/2021  04:50 PM           184,608 verifier.exe
09/11/2021  04:50 PM           204,800 verifiergui.exe
09/11/2021  04:51 PM           163,840 vssadmin.exe
09/11/2021  04:50 PM         1,449,984 VSSVC.exe
04/23/2021  12:58 AM         1,865,840 vulkaninfo-1-999-0-0-0.exe
04/23/2021  12:58 AM         1,865,840 vulkaninfo.exe
09/11/2021  04:50 PM           229,376 w32tm.exe
09/11/2021  04:50 PM           122,880 WaaSMedicAgent.exe
09/11/2021  04:51 PM            61,440 waitfor.exe
09/11/2021  04:50 PM            45,056 WallpaperHost.exe
09/11/2021  04:52 PM           344,064 wbadmin.exe
09/11/2021  04:52 PM         1,593,344 wbengine.exe
09/11/2021  04:51 PM           126,976 wecutil.exe
09/11/2021  04:50 PM           594,208 WerFault.exe
09/11/2021  04:50 PM           190,456 WerFaultSecure.exe
09/11/2021  04:50 PM           246,048 wermgr.exe
09/11/2021  04:50 PM           270,336 wevtutil.exe
09/11/2021  04:51 PM           163,840 wextract.exe
09/18/2021  10:48 AM           974,848 WFS.exe
09/11/2021  04:51 PM            61,440 where.exe
09/11/2021  04:51 PM            94,208 whoami.exe
09/11/2021  04:51 PM           118,784 wiaacmgr.exe
09/11/2021  04:51 PM            57,344 wiawow64.exe
09/11/2021  04:50 PM           180,512 wifitask.exe
09/11/2021  04:50 PM           594,208 wimserv.exe
09/11/2021  04:52 PM           114,688 WinBioDataModelOOBE.exe
09/11/2021  04:50 PM            36,864 Windows.Media.BackgroundPlayback.exe
09/11/2021  04:50 PM            90,112 Windows.WARP.JITService.exe
09/11/2021  04:51 PM            77,824 WindowsActionDialog.exe
09/11/2021  04:50 PM            65,536 WindowsUpdateElevatedInstaller.exe
09/11/2021  04:50 PM           554,072 wininit.exe
09/11/2021  04:50 PM         1,642,536 winload.exe
09/11/2021  04:50 PM           888,832 winlogon.exe
09/11/2021  04:50 PM         1,246,856 winresume.exe
09/11/2021  04:50 PM            69,632 winrs.exe
09/11/2021  04:50 PM            53,248 winrshost.exe
09/11/2021  04:50 PM            40,960 WinRTNetMUAHostServer.exe
09/11/2021  04:51 PM         2,764,800 WinSAT.exe
09/11/2021  04:50 PM            28,672 winver.exe
09/11/2021  04:51 PM           297,848 wkspbroker.exe
09/11/2021  04:50 PM           466,944 wksprt.exe
09/11/2021  04:50 PM           118,784 wlanext.exe
09/11/2021  04:50 PM           144,968 wlrmdr.exe
09/11/2021  07:25 PM         1,658,880 WMPDMC.exe
09/11/2021  04:51 PM           118,784 WorkFolders.exe
09/11/2021  04:50 PM            45,056 wowreg32.exe
09/11/2021  04:50 PM         1,194,496 WpcMon.exe
09/11/2021  04:50 PM           274,432 WpcTok.exe
09/11/2021  07:24 PM            53,248 WPDShextAutoplay.exe
09/11/2021  04:51 PM            40,960 wpnpinst.exe
09/11/2021  04:50 PM           385,024 wpr.exe
09/11/2021  05:05 AM            28,672 write.exe
06/29/2021  12:14 AM             9,216 wscadminui.exe
09/11/2021  04:50 PM            98,304 WSCollect.exe
09/11/2021  04:50 PM           172,032 wscript.exe
09/11/2021  04:51 PM           163,840 wsl.exe
09/11/2021  04:51 PM           114,688 wslg.exe
09/11/2021  04:50 PM            61,440 WSManHTTPConfig.exe
09/11/2021  04:50 PM            65,536 wsmprovhost.exe
09/11/2021  04:50 PM            81,920 wsqmcons.exe
09/11/2021  04:50 PM            94,208 WSReset.exe
09/11/2021  04:50 PM            32,768 wuapihost.exe
09/11/2021  04:50 PM           140,832 wuauclt.exe
09/11/2021  04:50 PM           186,312 WUDFCompanionHost.exe
09/11/2021  04:50 PM           294,912 WUDFHost.exe
09/11/2021  04:50 PM           188,416 wusa.exe
09/11/2021  04:50 PM         1,032,480 WWAHost.exe
09/11/2021  04:50 PM            57,344 XblGameSaveTask.exe
09/11/2021  04:51 PM            73,728 xcopy.exe
09/11/2021  04:51 PM            90,112 xwizard.exe
             640 File(s)    312,852,656 bytes
               0 Dir(s)  22,411,730,944 bytes free
